# JRE version: OpenJDK Runtime Environment (Zulu 8.52.0.23-CA-win64) (8.0_282-b08) (build 1.8.0_282-b08)
# Java VM: OpenJDK 64-Bit Server VM (25.282-b08 mixed mode windows-amd64 compressed oops)
Heap:
 PSYoungGen      total 239104K, used 81859K [0x00000000d5580000, 0x00000000e6300000, 0x0000000100000000)
  eden space 236032K, 33% used [0x00000000d5580000,0x00000000da2a96a0,0x00000000e3c00000)
  from space 3072K, 92% used [0x00000000e6000000,0x00000000e62c7850,0x00000000e6300000)
  to   space 10752K, 0% used [0x00000000e4e00000,0x00000000e4e00000,0x00000000e5880000)
 ParOldGen       total 54272K, used 9853K [0x0000000080000000, 0x0000000083500000, 0x00000000d5580000)
  object space 54272K, 18% used [0x0000000080000000,0x000000008099f5c8,0x0000000083500000)
 Metaspace       used 25031K, capacity 25382K, committed 25600K, reserved 1071104K
  class space    used 2864K, capacity 3002K, committed 3072K, reserved 1048576K
GC Heap History (10 events):
Event: 10.571 GC heap before
{Heap before GC invocations=3 (full 0):
 PSYoungGen      total 70656K, used 70216K [0x00000000d5580000, 0x00000000d9f80000, 0x0000000100000000)
  eden space 65536K, 100% used [0x00000000d5580000,0x00000000d9580000,0x00000000d9580000)
  from space 5120K, 91% used [0x00000000d9a80000,0x00000000d9f12058,0x00000000d9f80000)
  to   space 5120K, 0% used [0x00000000d9580000,0x00000000d9580000,0x00000000d9a80000)
 ParOldGen       total 86016K, used 16K [0x0000000080000000, 0x0000000085400000, 0x00000000d5580000)
  object space 86016K, 0% used [0x0000000080000000,0x0000000080004000,0x0000000085400000)
 Metaspace       used 11699K, capacity 11846K, committed 12160K, reserved 1060864K
  class space    used 1266K, capacity 1308K, committed 1408K, reserved 1048576K
Event: 10.638 GC heap after
Heap after GC invocations=3 (full 0):
 PSYoungGen      total 70656K, used 5118K [0x00000000d5580000, 0x00000000ddf80000, 0x0000000100000000)
  eden space 65536K, 0% used [0x00000000d5580000,0x00000000d5580000,0x00000000d9580000)
  from space 5120K, 99% used [0x00000000d9580000,0x00000000d9a7f8a0,0x00000000d9a80000)
  to   space 5120K, 0% used [0x00000000dda80000,0x00000000dda80000,0x00000000ddf80000)
 ParOldGen       total 86016K, used 1231K [0x0000000080000000, 0x0000000085400000, 0x00000000d5580000)
  object space 86016K, 1% used [0x0000000080000000,0x0000000080133e00,0x0000000085400000)
 Metaspace       used 11699K, capacity 11846K, committed 12160K, reserved 1060864K
  class space    used 1266K, capacity 1308K, committed 1408K, reserved 1048576K
}
Event: 22.869 GC heap before
{Heap before GC invocations=4 (full 0):
 PSYoungGen      total 70656K, used 70654K [0x00000000d5580000, 0x00000000ddf80000, 0x0000000100000000)
  eden space 65536K, 100% used [0x00000000d5580000,0x00000000d9580000,0x00000000d9580000)
  from space 5120K, 99% used [0x00000000d9580000,0x00000000d9a7f8a0,0x00000000d9a80000)
  to   space 5120K, 0% used [0x00000000dda80000,0x00000000dda80000,0x00000000ddf80000)
 ParOldGen       total 86016K, used 1231K [0x0000000080000000, 0x0000000085400000, 0x00000000d5580000)
  object space 86016K, 1% used [0x0000000080000000,0x0000000080133e00,0x0000000085400000)
 Metaspace       used 17747K, capacity 18016K, committed 18432K, reserved 1064960K
  class space    used 1923K, capacity 2004K, committed 2048K, reserved 1048576K
Event: 22.946 GC heap after
Heap after GC invocations=4 (full 0):
 PSYoungGen      total 136192K, used 5109K [0x00000000d5580000, 0x00000000ddf80000, 0x0000000100000000)
  eden space 131072K, 0% used [0x00000000d5580000,0x00000000d5580000,0x00000000dd580000)
  from space 5120K, 99% used [0x00000000dda80000,0x00000000ddf7d430,0x00000000ddf80000)
  to   space 5120K, 0% used [0x00000000dd580000,0x00000000dd580000,0x00000000dda80000)
 ParOldGen       total 86016K, used 5028K [0x0000000080000000, 0x0000000085400000, 0x00000000d5580000)
  object space 86016K, 5% used [0x0000000080000000,0x00000000804e91f0,0x0000000085400000)
 Metaspace       used 17747K, capacity 18016K, committed 18432K, reserved 1064960K
  class space    used 1923K, capacity 2004K, committed 2048K, reserved 1048576K
}
Event: 29.545 GC heap before
{Heap before GC invocations=5 (full 0):
 PSYoungGen      total 136192K, used 59446K [0x00000000d5580000, 0x00000000ddf80000, 0x0000000100000000)
  eden space 131072K, 41% used [0x00000000d5580000,0x00000000d8a90420,0x00000000dd580000)
  from space 5120K, 99% used [0x00000000dda80000,0x00000000ddf7d430,0x00000000ddf80000)
  to   space 5120K, 0% used [0x00000000dd580000,0x00000000dd580000,0x00000000dda80000)
 ParOldGen       total 86016K, used 5028K [0x0000000080000000, 0x0000000085400000, 0x00000000d5580000)
  object space 86016K, 5% used [0x0000000080000000,0x00000000804e91f0,0x0000000085400000)
 Metaspace       used 20814K, capacity 21068K, committed 21296K, reserved 1069056K
  class space    used 2310K, capacity 2422K, committed 2432K, reserved 1048576K
Event: 29.580 GC heap after
Heap after GC invocations=5 (full 0):
 PSYoungGen      total 136192K, used 5097K [0x00000000d5580000, 0x00000000e6a80000, 0x0000000100000000)
  eden space 131072K, 0% used [0x00000000d5580000,0x00000000d5580000,0x00000000dd580000)
  from space 5120K, 99% used [0x00000000dd580000,0x00000000dda7a778,0x00000000dda80000)
  to   space 10752K, 0% used [0x00000000e6000000,0x00000000e6000000,0x00000000e6a80000)
 ParOldGen       total 86016K, used 8390K [0x0000000080000000, 0x0000000085400000, 0x00000000d5580000)
  object space 86016K, 9% used [0x0000000080000000,0x0000000080831ad8,0x0000000085400000)
 Metaspace       used 20814K, capacity 21068K, committed 21296K, reserved 1069056K
  class space    used 2310K, capacity 2422K, committed 2432K, reserved 1048576K
}
Event: 29.580 GC heap before
{Heap before GC invocations=6 (full 1):
 PSYoungGen      total 136192K, used 5097K [0x00000000d5580000, 0x00000000e6a80000, 0x0000000100000000)
  eden space 131072K, 0% used [0x00000000d5580000,0x00000000d5580000,0x00000000dd580000)
  from space 5120K, 99% used [0x00000000dd580000,0x00000000dda7a778,0x00000000dda80000)
  to   space 10752K, 0% used [0x00000000e6000000,0x00000000e6000000,0x00000000e6a80000)
 ParOldGen       total 86016K, used 8390K [0x0000000080000000, 0x0000000085400000, 0x00000000d5580000)
  object space 86016K, 9% used [0x0000000080000000,0x0000000080831ad8,0x0000000085400000)
 Metaspace       used 20814K, capacity 21068K, committed 21296K, reserved 1069056K
  class space    used 2310K, capacity 2422K, committed 2432K, reserved 1048576K
Event: 29.706 GC heap after
Heap after GC invocations=6 (full 1):
 PSYoungGen      total 136192K, used 0K [0x00000000d5580000, 0x00000000e6a80000, 0x0000000100000000)
  eden space 131072K, 0% used [0x00000000d5580000,0x00000000d5580000,0x00000000dd580000)
  from space 5120K, 0% used [0x00000000dd580000,0x00000000dd580000,0x00000000dda80000)
  to   space 10752K, 0% used [0x00000000e6000000,0x00000000e6000000,0x00000000e6a80000)
 ParOldGen       total 54272K, used 9845K [0x0000000080000000, 0x0000000083500000, 0x00000000d5580000)
  object space 54272K, 18% used [0x0000000080000000,0x000000008099d5c8,0x0000000083500000)
 Metaspace       used 20814K, capacity 21068K, committed 21296K, reserved 1069056K
  class space    used 2310K, capacity 2422K, committed 2432K, reserved 1048576K
}
Event: 36.597 GC heap before
{Heap before GC invocations=7 (full 1):
 PSYoungGen      total 136192K, used 131072K [0x00000000d5580000, 0x00000000e6a80000, 0x0000000100000000)
  eden space 131072K, 100% used [0x00000000d5580000,0x00000000dd580000,0x00000000dd580000)
  from space 5120K, 0% used [0x00000000dd580000,0x00000000dd580000,0x00000000dda80000)
  to   space 10752K, 0% used [0x00000000e6000000,0x00000000e6000000,0x00000000e6a80000)
 ParOldGen       total 54272K, used 9845K [0x0000000080000000, 0x0000000083500000, 0x00000000d5580000)
  object space 54272K, 18% used [0x0000000080000000,0x000000008099d5c8,0x0000000083500000)
 Metaspace       used 22236K, capacity 22584K, committed 22960K, reserved 1069056K
  class space    used 2434K, capacity 2541K, committed 2560K, reserved 1048576K
Event: 36.698 GC heap after
Heap after GC invocations=7 (full 1):
 PSYoungGen      total 239104K, used 2846K [0x00000000d5580000, 0x00000000e6300000, 0x0000000100000000)
  eden space 236032K, 0% used [0x00000000d5580000,0x00000000d5580000,0x00000000e3c00000)
  from space 3072K, 92% used [0x00000000e6000000,0x00000000e62c7850,0x00000000e6300000)
  to   space 10752K, 0% used [0x00000000e4e00000,0x00000000e4e00000,0x00000000e5880000)
 ParOldGen       total 54272K, used 9853K [0x0000000080000000, 0x0000000083500000, 0x00000000d5580000)
  object space 54272K, 18% used [0x0000000080000000,0x000000008099f5c8,0x0000000083500000)
 Metaspace       used 22236K, capacity 22584K, committed 22960K, reserved 1069056K
  class space    used 2434K, capacity 2541K, committed 2560K, reserved 1048576K
}

