# JRE version: OpenJDK Runtime Environment (Zulu 8.52.0.23-CA-win64) (8.0_282-b08) (build 1.8.0_282-b08)
# Java VM: OpenJDK 64-Bit Server VM (25.282-b08 mixed mode windows-amd64 compressed oops)
Heap:
 PSYoungGen      total 192000K, used 18614K [0x00000000d5580000, 0x00000000e6380000, 0x0000000100000000)
  eden space 188416K, 8% used [0x00000000d5580000,0x00000000d645d6e0,0x00000000e0d80000)
  from space 3584K, 94% used [0x00000000e6000000,0x00000000e63503b8,0x00000000e6380000)
  to   space 10752K, 0% used [0x00000000e4e80000,0x00000000e4e80000,0x00000000e5900000)
 ParOldGen       total 65536K, used 9815K [0x0000000080000000, 0x0000000084000000, 0x00000000d5580000)
  object space 65536K, 14% used [0x0000000080000000,0x0000000080995ea0,0x0000000084000000)
 Metaspace       used 22298K, capacity 22584K, committed 22960K, reserved 1069056K
  class space    used 2440K, capacity 2541K, committed 2560K, reserved 1048576K
GC Heap History (10 events):
Event: 15.610 GC heap before
{Heap before GC invocations=3 (full 0):
 PSYoungGen      total 70656K, used 70216K [0x00000000d5580000, 0x00000000d9f80000, 0x0000000100000000)
  eden space 65536K, 100% used [0x00000000d5580000,0x00000000d9580000,0x00000000d9580000)
  from space 5120K, 91% used [0x00000000d9a80000,0x00000000d9f12018,0x00000000d9f80000)
  to   space 5120K, 0% used [0x00000000d9580000,0x00000000d9580000,0x00000000d9a80000)
 ParOldGen       total 86016K, used 24K [0x0000000080000000, 0x0000000085400000, 0x00000000d5580000)
  object space 86016K, 0% used [0x0000000080000000,0x0000000080006000,0x0000000085400000)
 Metaspace       used 11693K, capacity 11846K, committed 12160K, reserved 1060864K
  class space    used 1267K, capacity 1308K, committed 1408K, reserved 1048576K
Event: 15.675 GC heap after
Heap after GC invocations=3 (full 0):
 PSYoungGen      total 70656K, used 5090K [0x00000000d5580000, 0x00000000ddf80000, 0x0000000100000000)
  eden space 65536K, 0% used [0x00000000d5580000,0x00000000d5580000,0x00000000d9580000)
  from space 5120K, 99% used [0x00000000d9580000,0x00000000d9a78a18,0x00000000d9a80000)
  to   space 5120K, 0% used [0x00000000dda80000,0x00000000dda80000,0x00000000ddf80000)
 ParOldGen       total 86016K, used 1238K [0x0000000080000000, 0x0000000085400000, 0x00000000d5580000)
  object space 86016K, 1% used [0x0000000080000000,0x0000000080135bc8,0x0000000085400000)
 Metaspace       used 11693K, capacity 11846K, committed 12160K, reserved 1060864K
  class space    used 1267K, capacity 1308K, committed 1408K, reserved 1048576K
}
Event: 24.475 GC heap before
{Heap before GC invocations=4 (full 0):
 PSYoungGen      total 70656K, used 70626K [0x00000000d5580000, 0x00000000ddf80000, 0x0000000100000000)
  eden space 65536K, 100% used [0x00000000d5580000,0x00000000d9580000,0x00000000d9580000)
  from space 5120K, 99% used [0x00000000d9580000,0x00000000d9a78a18,0x00000000d9a80000)
  to   space 5120K, 0% used [0x00000000dda80000,0x00000000dda80000,0x00000000ddf80000)
 ParOldGen       total 86016K, used 1238K [0x0000000080000000, 0x0000000085400000, 0x00000000d5580000)
  object space 86016K, 1% used [0x0000000080000000,0x0000000080135bc8,0x0000000085400000)
 Metaspace       used 17788K, capacity 18048K, committed 18432K, reserved 1064960K
  class space    used 1931K, capacity 2036K, committed 2048K, reserved 1048576K
Event: 24.557 GC heap after
Heap after GC invocations=4 (full 0):
 PSYoungGen      total 136192K, used 5113K [0x00000000d5580000, 0x00000000ddf80000, 0x0000000100000000)
  eden space 131072K, 0% used [0x00000000d5580000,0x00000000d5580000,0x00000000dd580000)
  from space 5120K, 99% used [0x00000000dda80000,0x00000000ddf7e4e0,0x00000000ddf80000)
  to   space 5120K, 0% used [0x00000000dd580000,0x00000000dd580000,0x00000000dda80000)
 ParOldGen       total 86016K, used 5097K [0x0000000080000000, 0x0000000085400000, 0x00000000d5580000)
  object space 86016K, 5% used [0x0000000080000000,0x00000000804fa700,0x0000000085400000)
 Metaspace       used 17788K, capacity 18048K, committed 18432K, reserved 1064960K
  class space    used 1931K, capacity 2036K, committed 2048K, reserved 1048576K
}
Event: 29.746 GC heap before
{Heap before GC invocations=5 (full 0):
 PSYoungGen      total 136192K, used 57256K [0x00000000d5580000, 0x00000000ddf80000, 0x0000000100000000)
  eden space 131072K, 39% used [0x00000000d5580000,0x00000000d886bc00,0x00000000dd580000)
  from space 5120K, 99% used [0x00000000dda80000,0x00000000ddf7e4e0,0x00000000ddf80000)
  to   space 5120K, 0% used [0x00000000dd580000,0x00000000dd580000,0x00000000dda80000)
 ParOldGen       total 86016K, used 5097K [0x0000000080000000, 0x0000000085400000, 0x00000000d5580000)
  object space 86016K, 5% used [0x0000000080000000,0x00000000804fa700,0x0000000085400000)
 Metaspace       used 20812K, capacity 21068K, committed 21296K, reserved 1069056K
  class space    used 2309K, capacity 2422K, committed 2432K, reserved 1048576K
Event: 29.900 GC heap after
Heap after GC invocations=5 (full 0):
 PSYoungGen      total 136192K, used 5113K [0x00000000d5580000, 0x00000000e6a80000, 0x0000000100000000)
  eden space 131072K, 0% used [0x00000000d5580000,0x00000000d5580000,0x00000000dd580000)
  from space 5120K, 99% used [0x00000000dd580000,0x00000000dda7e768,0x00000000dda80000)
  to   space 10752K, 0% used [0x00000000e6000000,0x00000000e6000000,0x00000000e6a80000)
 ParOldGen       total 86016K, used 8373K [0x0000000080000000, 0x0000000085400000, 0x00000000d5580000)
  object space 86016K, 9% used [0x0000000080000000,0x000000008082d4f8,0x0000000085400000)
 Metaspace       used 20812K, capacity 21068K, committed 21296K, reserved 1069056K
  class space    used 2309K, capacity 2422K, committed 2432K, reserved 1048576K
}
Event: 29.900 GC heap before
{Heap before GC invocations=6 (full 1):
 PSYoungGen      total 136192K, used 5113K [0x00000000d5580000, 0x00000000e6a80000, 0x0000000100000000)
  eden space 131072K, 0% used [0x00000000d5580000,0x00000000d5580000,0x00000000dd580000)
  from space 5120K, 99% used [0x00000000dd580000,0x00000000dda7e768,0x00000000dda80000)
  to   space 10752K, 0% used [0x00000000e6000000,0x00000000e6000000,0x00000000e6a80000)
 ParOldGen       total 86016K, used 8373K [0x0000000080000000, 0x0000000085400000, 0x00000000d5580000)
  object space 86016K, 9% used [0x0000000080000000,0x000000008082d4f8,0x0000000085400000)
 Metaspace       used 20812K, capacity 21068K, committed 21296K, reserved 1069056K
  class space    used 2309K, capacity 2422K, committed 2432K, reserved 1048576K
Event: 30.509 GC heap after
Heap after GC invocations=6 (full 1):
 PSYoungGen      total 136192K, used 0K [0x00000000d5580000, 0x00000000e6a80000, 0x0000000100000000)
  eden space 131072K, 0% used [0x00000000d5580000,0x00000000d5580000,0x00000000dd580000)
  from space 5120K, 0% used [0x00000000dd580000,0x00000000dd580000,0x00000000dda80000)
  to   space 10752K, 0% used [0x00000000e6000000,0x00000000e6000000,0x00000000e6a80000)
 ParOldGen       total 65536K, used 9807K [0x0000000080000000, 0x0000000084000000, 0x00000000d5580000)
  object space 65536K, 14% used [0x0000000080000000,0x0000000080993ea0,0x0000000084000000)
 Metaspace       used 20812K, capacity 21068K, committed 21296K, reserved 1069056K
  class space    used 2309K, capacity 2422K, committed 2432K, reserved 1048576K
}
Event: 39.582 GC heap before
{Heap before GC invocations=7 (full 1):
 PSYoungGen      total 136192K, used 131072K [0x00000000d5580000, 0x00000000e6a80000, 0x0000000100000000)
  eden space 131072K, 100% used [0x00000000d5580000,0x00000000dd580000,0x00000000dd580000)
  from space 5120K, 0% used [0x00000000dd580000,0x00000000dd580000,0x00000000dda80000)
  to   space 10752K, 0% used [0x00000000e6000000,0x00000000e6000000,0x00000000e6a80000)
 ParOldGen       total 65536K, used 9807K [0x0000000080000000, 0x0000000084000000, 0x00000000d5580000)
  object space 65536K, 14% used [0x0000000080000000,0x0000000080993ea0,0x0000000084000000)
 Metaspace       used 22252K, capacity 22584K, committed 22960K, reserved 1069056K
  class space    used 2435K, capacity 2541K, committed 2560K, reserved 1048576K
Event: 39.687 GC heap after
Heap after GC invocations=7 (full 1):
 PSYoungGen      total 192000K, used 3392K [0x00000000d5580000, 0x00000000e6380000, 0x0000000100000000)
  eden space 188416K, 0% used [0x00000000d5580000,0x00000000d5580000,0x00000000e0d80000)
  from space 3584K, 94% used [0x00000000e6000000,0x00000000e63503b8,0x00000000e6380000)
  to   space 10752K, 0% used [0x00000000e4e80000,0x00000000e4e80000,0x00000000e5900000)
 ParOldGen       total 65536K, used 9815K [0x0000000080000000, 0x0000000084000000, 0x00000000d5580000)
  object space 65536K, 14% used [0x0000000080000000,0x0000000080995ea0,0x0000000084000000)
 Metaspace       used 22252K, capacity 22584K, committed 22960K, reserved 1069056K
  class space    used 2435K, capacity 2541K, committed 2560K, reserved 1048576K
}

