# JRE version: OpenJDK Runtime Environment (Zulu 8.52.0.23-CA-win64) (8.0_282-b08) (build 1.8.0_282-b08)
# Java VM: OpenJDK 64-Bit Server VM (25.282-b08 mixed mode windows-amd64 compressed oops)
Heap:
 PSYoungGen      total 227840K, used 150320K [0x00000000d5580000, 0x00000000e6300000, 0x0000000100000000)
  eden space 224768K, 65% used [0x00000000d5580000,0x00000000de5547d0,0x00000000e3100000)
  from space 3072K, 98% used [0x00000000e6000000,0x00000000e62f7850,0x00000000e6300000)
  to   space 10752K, 0% used [0x00000000e4e00000,0x00000000e4e00000,0x00000000e5880000)
 ParOldGen       total 56320K, used 9824K [0x0000000080000000, 0x0000000083700000, 0x00000000d5580000)
  object space 56320K, 17% used [0x0000000080000000,0x00000000809981e8,0x0000000083700000)
 Metaspace       used 30213K, capacity 31142K, committed 31360K, reserved 1077248K
  class space    used 3600K, capacity 3857K, committed 3968K, reserved 1048576K
GC Heap History (10 events):
Event: 5.898 GC heap before
{Heap before GC invocations=3 (full 0):
 PSYoungGen      total 70656K, used 70232K [0x00000000d5580000, 0x00000000d9f80000, 0x0000000100000000)
  eden space 65536K, 100% used [0x00000000d5580000,0x00000000d9580000,0x00000000d9580000)
  from space 5120K, 91% used [0x00000000d9a80000,0x00000000d9f16048,0x00000000d9f80000)
  to   space 5120K, 0% used [0x00000000d9580000,0x00000000d9580000,0x00000000d9a80000)
 ParOldGen       total 86016K, used 16K [0x0000000080000000, 0x0000000085400000, 0x00000000d5580000)
  object space 86016K, 0% used [0x0000000080000000,0x0000000080004000,0x0000000085400000)
 Metaspace       used 11713K, capacity 11910K, committed 12160K, reserved 1060864K
  class space    used 1269K, capacity 1308K, committed 1408K, reserved 1048576K
Event: 5.938 GC heap after
Heap after GC invocations=3 (full 0):
 PSYoungGen      total 70656K, used 5098K [0x00000000d5580000, 0x00000000ddf80000, 0x0000000100000000)
  eden space 65536K, 0% used [0x00000000d5580000,0x00000000d5580000,0x00000000d9580000)
  from space 5120K, 99% used [0x00000000d9580000,0x00000000d9a7a8d8,0x00000000d9a80000)
  to   space 5120K, 0% used [0x00000000dda80000,0x00000000dda80000,0x00000000ddf80000)
 ParOldGen       total 86016K, used 1242K [0x0000000080000000, 0x0000000085400000, 0x00000000d5580000)
  object space 86016K, 1% used [0x0000000080000000,0x0000000080136800,0x0000000085400000)
 Metaspace       used 11713K, capacity 11910K, committed 12160K, reserved 1060864K
  class space    used 1269K, capacity 1308K, committed 1408K, reserved 1048576K
}
Event: 8.191 GC heap before
{Heap before GC invocations=4 (full 0):
 PSYoungGen      total 70656K, used 70634K [0x00000000d5580000, 0x00000000ddf80000, 0x0000000100000000)
  eden space 65536K, 100% used [0x00000000d5580000,0x00000000d9580000,0x00000000d9580000)
  from space 5120K, 99% used [0x00000000d9580000,0x00000000d9a7a8d8,0x00000000d9a80000)
  to   space 5120K, 0% used [0x00000000dda80000,0x00000000dda80000,0x00000000ddf80000)
 ParOldGen       total 86016K, used 1242K [0x0000000080000000, 0x0000000085400000, 0x00000000d5580000)
  object space 86016K, 1% used [0x0000000080000000,0x0000000080136800,0x0000000085400000)
 Metaspace       used 17779K, capacity 18048K, committed 18432K, reserved 1064960K
  class space    used 1935K, capacity 2036K, committed 2048K, reserved 1048576K
Event: 8.203 GC heap after
Heap after GC invocations=4 (full 0):
 PSYoungGen      total 136192K, used 5109K [0x00000000d5580000, 0x00000000ddf80000, 0x0000000100000000)
  eden space 131072K, 0% used [0x00000000d5580000,0x00000000d5580000,0x00000000dd580000)
  from space 5120K, 99% used [0x00000000dda80000,0x00000000ddf7d430,0x00000000ddf80000)
  to   space 5120K, 0% used [0x00000000dd580000,0x00000000dd580000,0x00000000dda80000)
 ParOldGen       total 86016K, used 5103K [0x0000000080000000, 0x0000000085400000, 0x00000000d5580000)
  object space 86016K, 5% used [0x0000000080000000,0x00000000804fbd50,0x0000000085400000)
 Metaspace       used 17779K, capacity 18048K, committed 18432K, reserved 1064960K
  class space    used 1935K, capacity 2036K, committed 2048K, reserved 1048576K
}
Event: 9.451 GC heap before
{Heap before GC invocations=5 (full 0):
 PSYoungGen      total 136192K, used 57249K [0x00000000d5580000, 0x00000000ddf80000, 0x0000000100000000)
  eden space 131072K, 39% used [0x00000000d5580000,0x00000000d886b030,0x00000000dd580000)
  from space 5120K, 99% used [0x00000000dda80000,0x00000000ddf7d430,0x00000000ddf80000)
  to   space 5120K, 0% used [0x00000000dd580000,0x00000000dd580000,0x00000000dda80000)
 ParOldGen       total 86016K, used 5103K [0x0000000080000000, 0x0000000085400000, 0x00000000d5580000)
  object space 86016K, 5% used [0x0000000080000000,0x00000000804fbd50,0x0000000085400000)
 Metaspace       used 20797K, capacity 21068K, committed 21296K, reserved 1069056K
  class space    used 2314K, capacity 2422K, committed 2432K, reserved 1048576K
Event: 9.476 GC heap after
Heap after GC invocations=5 (full 0):
 PSYoungGen      total 136192K, used 5112K [0x00000000d5580000, 0x00000000e6a80000, 0x0000000100000000)
  eden space 131072K, 0% used [0x00000000d5580000,0x00000000d5580000,0x00000000dd580000)
  from space 5120K, 99% used [0x00000000dd580000,0x00000000dda7e0c0,0x00000000dda80000)
  to   space 10752K, 0% used [0x00000000e6000000,0x00000000e6000000,0x00000000e6a80000)
 ParOldGen       total 86016K, used 8394K [0x0000000080000000, 0x0000000085400000, 0x00000000d5580000)
  object space 86016K, 9% used [0x0000000080000000,0x00000000808328c8,0x0000000085400000)
 Metaspace       used 20797K, capacity 21068K, committed 21296K, reserved 1069056K
  class space    used 2314K, capacity 2422K, committed 2432K, reserved 1048576K
}
Event: 9.476 GC heap before
{Heap before GC invocations=6 (full 1):
 PSYoungGen      total 136192K, used 5112K [0x00000000d5580000, 0x00000000e6a80000, 0x0000000100000000)
  eden space 131072K, 0% used [0x00000000d5580000,0x00000000d5580000,0x00000000dd580000)
  from space 5120K, 99% used [0x00000000dd580000,0x00000000dda7e0c0,0x00000000dda80000)
  to   space 10752K, 0% used [0x00000000e6000000,0x00000000e6000000,0x00000000e6a80000)
 ParOldGen       total 86016K, used 8394K [0x0000000080000000, 0x0000000085400000, 0x00000000d5580000)
  object space 86016K, 9% used [0x0000000080000000,0x00000000808328c8,0x0000000085400000)
 Metaspace       used 20797K, capacity 21068K, committed 21296K, reserved 1069056K
  class space    used 2314K, capacity 2422K, committed 2432K, reserved 1048576K
Event: 9.577 GC heap after
Heap after GC invocations=6 (full 1):
 PSYoungGen      total 136192K, used 0K [0x00000000d5580000, 0x00000000e6a80000, 0x0000000100000000)
  eden space 131072K, 0% used [0x00000000d5580000,0x00000000d5580000,0x00000000dd580000)
  from space 5120K, 0% used [0x00000000dd580000,0x00000000dd580000,0x00000000dda80000)
  to   space 10752K, 0% used [0x00000000e6000000,0x00000000e6000000,0x00000000e6a80000)
 ParOldGen       total 56320K, used 9824K [0x0000000080000000, 0x0000000083700000, 0x00000000d5580000)
  object space 56320K, 17% used [0x0000000080000000,0x00000000809981e8,0x0000000083700000)
 Metaspace       used 20797K, capacity 21068K, committed 21296K, reserved 1069056K
  class space    used 2314K, capacity 2422K, committed 2432K, reserved 1048576K
}
Event: 11.621 GC heap before
{Heap before GC invocations=7 (full 1):
 PSYoungGen      total 136192K, used 131072K [0x00000000d5580000, 0x00000000e6a80000, 0x0000000100000000)
  eden space 131072K, 100% used [0x00000000d5580000,0x00000000dd580000,0x00000000dd580000)
  from space 5120K, 0% used [0x00000000dd580000,0x00000000dd580000,0x00000000dda80000)
  to   space 10752K, 0% used [0x00000000e6000000,0x00000000e6000000,0x00000000e6a80000)
 ParOldGen       total 56320K, used 9824K [0x0000000080000000, 0x0000000083700000, 0x00000000d5580000)
  object space 56320K, 17% used [0x0000000080000000,0x00000000809981e8,0x0000000083700000)
 Metaspace       used 22230K, capacity 22584K, committed 22960K, reserved 1069056K
  class space    used 2440K, capacity 2541K, committed 2560K, reserved 1048576K
Event: 11.656 GC heap after
Heap after GC invocations=7 (full 1):
 PSYoungGen      total 227840K, used 3038K [0x00000000d5580000, 0x00000000e6300000, 0x0000000100000000)
  eden space 224768K, 0% used [0x00000000d5580000,0x00000000d5580000,0x00000000e3100000)
  from space 3072K, 98% used [0x00000000e6000000,0x00000000e62f7850,0x00000000e6300000)
  to   space 10752K, 0% used [0x00000000e4e00000,0x00000000e4e00000,0x00000000e5880000)
 ParOldGen       total 56320K, used 9824K [0x0000000080000000, 0x0000000083700000, 0x00000000d5580000)
  object space 56320K, 17% used [0x0000000080000000,0x00000000809981e8,0x0000000083700000)
 Metaspace       used 22230K, capacity 22584K, committed 22960K, reserved 1069056K
  class space    used 2440K, capacity 2541K, committed 2560K, reserved 1048576K
}

