<?xml version="1.0" encoding="UTF-8"?>
<testsuites name="Run all test case" time="2076.168" tests="50" failures="7" errors="0">
   <testsuite name="Run all test case" tests="50" failures="7" errors="0" time="2076.168" skipped="0" timestamp="2022-01-17 20:46:13" hostname="TRI - 192.168.1.4" id="Test Suites/Run all test case">
      <properties>
[...]
</properties>
      <testcase name="Test Cases/40.FeedBack" time="51.274" classname="Test Cases/40.FeedBack" status="PASSED">
         <system-out><![CDATA[2022-01-17 20:46:14 - [TEST_CASE][PASSED] - Test Cases/40.FeedBack: Test Cases/40.FeedBack

2022-01-17 20:46:15 - [TEST_STEP][PASSED] - openBrowser(""): Browser is opened with url: ''

2022-01-17 20:46:15 - [MESSAGE][INFO] - Starting 'Chrome' driver

2022-01-17 20:46:15 - [MESSAGE][INFO] - Action delay is set to 1,000 milliseconds

2022-01-17 20:46:18 - [MESSAGE][PASSED] - Browser is opened with url: ''

2022-01-17 20:46:18 - [TEST_STEP][PASSED] - navigateToUrl("http://localhost:8080/"): Navigate to 'http://localhost:8080/' successfully

2022-01-17 20:46:23 - [MESSAGE][PASSED] - Navigate to 'http://localhost:8080/' successfully

2022-01-17 20:46:23 - [TEST_STEP][PASSED] - click(findTestObject("Object Repository/Page_Element/div_Sign In")): Object: 'Object Repository/Page_Element/div_Sign In' is clicked on

2022-01-17 20:46:26 - [MESSAGE][PASSED] - Object: 'Object Repository/Page_Element/div_Sign In' is clicked on

2022-01-17 20:46:26 - [TEST_STEP][PASSED] - setText(findTestObject("Object Repository/Page_Element/input_Sign in with_username"), "ptnha19"): Text 'ptnha19' is set on object 'Object Repository/Page_Element/input_Sign in with_username'

2022-01-17 20:46:29 - [MESSAGE][PASSED] - Text 'ptnha19' is set on object 'Object Repository/Page_Element/input_Sign in with_username'

2022-01-17 20:46:29 - [TEST_STEP][PASSED] - setEncryptedText(findTestObject("Object Repository/Page_Element/input_Username_password"), "5R3Ima4A+eOeCrCDRGMLmJpaGR3V3+YI"): Text ****** has been set on object 'Object Repository/Page_Element/input_Username_password'

2022-01-17 20:46:31 - [MESSAGE][PASSED] - Text ****** has been set on object 'Object Repository/Page_Element/input_Username_password'

2022-01-17 20:46:31 - [TEST_STEP][PASSED] - click(findTestObject("Object Repository/Page_Element/input_Forgot password_mx_Login_submit")): Object: 'Object Repository/Page_Element/input_Forgot password_mx_Login_submit' is clicked on

2022-01-17 20:46:33 - [MESSAGE][PASSED] - Object: 'Object Repository/Page_Element/input_Forgot password_mx_Login_submit' is clicked on

2022-01-17 20:46:33 - [TEST_STEP][PASSED] - click(findTestObject("Object Repository/Page_Element/div_Verify with Security Key")): Object: 'Object Repository/Page_Element/div_Verify with Security Key' is clicked on

2022-01-17 20:46:40 - [MESSAGE][PASSED] - Object: 'Object Repository/Page_Element/div_Verify with Security Key' is clicked on

2022-01-17 20:46:40 - [TEST_STEP][PASSED] - setEncryptedText(findTestObject("Object Repository/Page_Element/input_Security Key_mx_Field_4"), "PF4jXtbe/5x5+S5PgN4Kl/QbANAkWZYKqKaG9gW6gn+Po31AOnak0DX8GoEzAUkskgpeON1UhfEqZG0XXngJPA=="): Text ****** has been set on object 'Object Repository/Page_Element/input_Security Key_mx_Field_4'

2022-01-17 20:46:43 - [MESSAGE][PASSED] - Text ****** has been set on object 'Object Repository/Page_Element/input_Security Key_mx_Field_4'

2022-01-17 20:46:43 - [TEST_STEP][PASSED] - click(findTestObject("Object Repository/Page_Element/button_Continue")): Object: 'Object Repository/Page_Element/button_Continue' is clicked on

2022-01-17 20:46:44 - [MESSAGE][PASSED] - Object: 'Object Repository/Page_Element/button_Continue' is clicked on

2022-01-17 20:46:44 - [TEST_STEP][PASSED] - click(findTestObject("Object Repository/Page_Element/div_Done")): Object: 'Object Repository/Page_Element/div_Done' is clicked on

2022-01-17 20:46:47 - [MESSAGE][PASSED] - Object: 'Object Repository/Page_Element/div_Done' is clicked on

2022-01-17 20:46:47 - [TEST_STEP][PASSED] - rightClick(findTestObject("Object Repository/Page_Element/img_Review_mx_BaseAvatar_image")): Object: 'Object Repository/Page_Element/img_Review_mx_BaseAvatar_image' is right clicked on

2022-01-17 20:46:47 - [MESSAGE][PASSED] - Object: 'Object Repository/Page_Element/img_Review_mx_BaseAvatar_image' is right clicked on

2022-01-17 20:46:47 - [TEST_STEP][PASSED] - click(findTestObject("Object Repository/Page_Element/span_Feedback")): Object: 'Object Repository/Page_Element/span_Feedback' is clicked on

2022-01-17 20:46:48 - [MESSAGE][PASSED] - Object: 'Object Repository/Page_Element/span_Feedback' is clicked on

2022-01-17 20:46:48 - [TEST_STEP][PASSED] - delay(5): Delayed 5 second(s)

2022-01-17 20:46:53 - [MESSAGE][PASSED] - Delayed 5 second(s)

2022-01-17 20:46:53 - [TEST_STEP][PASSED] - setText(findTestObject("Object Repository/Page_Element/textarea_a"), "a"): Text 'a' is set on object 'Object Repository/Page_Element/textarea_a'

2022-01-17 20:46:57 - [MESSAGE][PASSED] - Text 'a' is set on object 'Object Repository/Page_Element/textarea_a'

2022-01-17 20:46:57 - [TEST_STEP][PASSED] - setText(findTestObject("Object Repository/Page_Element/textarea_ab"), "ab"): Text 'ab' is set on object 'Object Repository/Page_Element/textarea_ab'

2022-01-17 20:47:00 - [MESSAGE][PASSED] - Text 'ab' is set on object 'Object Repository/Page_Element/textarea_ab'

2022-01-17 20:47:00 - [TEST_STEP][PASSED] - setText(findTestObject("Object Repository/Page_Element/textarea_abc"), "abc"): Text 'abc' is set on object 'Object Repository/Page_Element/textarea_abc'

2022-01-17 20:47:02 - [MESSAGE][PASSED] - Text 'abc' is set on object 'Object Repository/Page_Element/textarea_abc'

2022-01-17 20:47:02 - [TEST_STEP][PASSED] - click(findTestObject("Object Repository/Page_Element/button_Send feedback")): Object: 'Object Repository/Page_Element/button_Send feedback' is clicked on

2022-01-17 20:47:03 - [MESSAGE][PASSED] - Object: 'Object Repository/Page_Element/button_Send feedback' is clicked on

2022-01-17 20:47:03 - [TEST_STEP][PASSED] - click(findTestObject("Object Repository/Page_Element/button_OK")): Object: 'Object Repository/Page_Element/button_OK' is clicked on

2022-01-17 20:47:04 - [MESSAGE][PASSED] - Object: 'Object Repository/Page_Element/button_OK' is clicked on

2022-01-17 20:47:04 - [TEST_STEP][PASSED] - closeBrowser(): Browser is closed

2022-01-17 20:47:05 - [MESSAGE][PASSED] - Browser is closed]]></system-out>
         <system-err><![CDATA[]]></system-err>
      </testcase>
      <testcase name="Test Cases/49.LogInFail_03" time="16.817" classname="Test Cases/49.LogInFail_03" status="PASSED">
         <system-out><![CDATA[2022-01-17 20:47:05 - [TEST_CASE][PASSED] - Test Cases/49.LogInFail_03: Test Cases/49.LogInFail_03

2022-01-17 20:47:05 - [TEST_STEP][PASSED] - openBrowser(""): Browser is opened with url: ''

2022-01-17 20:47:05 - [MESSAGE][INFO] - Starting 'Chrome' driver

2022-01-17 20:47:05 - [MESSAGE][INFO] - Action delay is set to 1,000 milliseconds

2022-01-17 20:47:06 - [MESSAGE][PASSED] - Browser is opened with url: ''

2022-01-17 20:47:06 - [TEST_STEP][PASSED] - navigateToUrl("http://localhost:8080/"): Navigate to 'http://localhost:8080/' successfully

2022-01-17 20:47:09 - [MESSAGE][PASSED] - Navigate to 'http://localhost:8080/' successfully

2022-01-17 20:47:09 - [TEST_STEP][PASSED] - click(findTestObject("Object Repository/Page_Element/div_Sign In")): Object: 'Object Repository/Page_Element/div_Sign In' is clicked on

2022-01-17 20:47:14 - [MESSAGE][PASSED] - Object: 'Object Repository/Page_Element/div_Sign In' is clicked on

2022-01-17 20:47:14 - [TEST_STEP][PASSED] - setText(findTestObject("Object Repository/Page_Element/input_Sign in with_username"), "Matrix"): Text 'Matrix' is set on object 'Object Repository/Page_Element/input_Sign in with_username'

2022-01-17 20:47:17 - [MESSAGE][PASSED] - Text 'Matrix' is set on object 'Object Repository/Page_Element/input_Sign in with_username'

2022-01-17 20:47:17 - [TEST_STEP][PASSED] - setEncryptedText(findTestObject("Object Repository/Page_Element/input_Username_password"), "wE3H8sMRrXo="): Text ****** has been set on object 'Object Repository/Page_Element/input_Username_password'

2022-01-17 20:47:19 - [MESSAGE][PASSED] - Text ****** has been set on object 'Object Repository/Page_Element/input_Username_password'

2022-01-17 20:47:19 - [TEST_STEP][PASSED] - click(findTestObject("Object Repository/Page_Element/input_Forgot password_mx_Login_submit")): Object: 'Object Repository/Page_Element/input_Forgot password_mx_Login_submit' is clicked on

2022-01-17 20:47:20 - [MESSAGE][PASSED] - Object: 'Object Repository/Page_Element/input_Forgot password_mx_Login_submit' is clicked on

2022-01-17 20:47:20 - [TEST_STEP][PASSED] - click(findTestObject("Object Repository/Page_Element/div_Incorrect username andor password")): Object: 'Object Repository/Page_Element/div_Incorrect username andor password' is clicked on

2022-01-17 20:47:21 - [MESSAGE][PASSED] - Object: 'Object Repository/Page_Element/div_Incorrect username andor password' is clicked on

2022-01-17 20:47:21 - [TEST_STEP][PASSED] - closeBrowser(): Browser is closed

2022-01-17 20:47:22 - [MESSAGE][PASSED] - Browser is closed]]></system-out>
         <system-err><![CDATA[]]></system-err>
      </testcase>
      <testcase name="Test Cases/77.PreferenceCodeBlock" time="35.526" classname="Test Cases/77.PreferenceCodeBlock" status="PASSED">
         <system-out><![CDATA[2022-01-17 20:47:22 - [TEST_CASE][PASSED] - Test Cases/77.PreferenceCodeBlock: Test Cases/77.PreferenceCodeBlock

2022-01-17 20:47:22 - [TEST_STEP][PASSED] - openBrowser(""): Browser is opened with url: ''

2022-01-17 20:47:22 - [MESSAGE][INFO] - Starting 'Chrome' driver

2022-01-17 20:47:22 - [MESSAGE][INFO] - Action delay is set to 1,000 milliseconds

2022-01-17 20:47:23 - [MESSAGE][PASSED] - Browser is opened with url: ''

2022-01-17 20:47:23 - [TEST_STEP][PASSED] - navigateToUrl("http://localhost:8080/"): Navigate to 'http://localhost:8080/' successfully

2022-01-17 20:47:26 - [MESSAGE][PASSED] - Navigate to 'http://localhost:8080/' successfully

2022-01-17 20:47:26 - [TEST_STEP][PASSED] - click(findTestObject("Object Repository/Page_Element/div_Sign In")): Object: 'Object Repository/Page_Element/div_Sign In' is clicked on

2022-01-17 20:47:31 - [MESSAGE][PASSED] - Object: 'Object Repository/Page_Element/div_Sign In' is clicked on

2022-01-17 20:47:31 - [TEST_STEP][PASSED] - setText(findTestObject("Object Repository/Page_Element/input_Sign in with_username"), "ptnha19"): Text 'ptnha19' is set on object 'Object Repository/Page_Element/input_Sign in with_username'

2022-01-17 20:47:34 - [MESSAGE][PASSED] - Text 'ptnha19' is set on object 'Object Repository/Page_Element/input_Sign in with_username'

2022-01-17 20:47:34 - [TEST_STEP][PASSED] - setEncryptedText(findTestObject("Object Repository/Page_Element/input_Username_password"), "5R3Ima4A+eOeCrCDRGMLmJpaGR3V3+YI"): Text ****** has been set on object 'Object Repository/Page_Element/input_Username_password'

2022-01-17 20:47:37 - [MESSAGE][PASSED] - Text ****** has been set on object 'Object Repository/Page_Element/input_Username_password'

2022-01-17 20:47:37 - [TEST_STEP][PASSED] - click(findTestObject("Object Repository/Page_Element/input_Forgot password_mx_Login_submit")): Object: 'Object Repository/Page_Element/input_Forgot password_mx_Login_submit' is clicked on

2022-01-17 20:47:38 - [MESSAGE][PASSED] - Object: 'Object Repository/Page_Element/input_Forgot password_mx_Login_submit' is clicked on

2022-01-17 20:47:38 - [TEST_STEP][PASSED] - click(findTestObject("Object Repository/Page_Element/div_Verify with Security Key")): Object: 'Object Repository/Page_Element/div_Verify with Security Key' is clicked on

2022-01-17 20:47:44 - [MESSAGE][PASSED] - Object: 'Object Repository/Page_Element/div_Verify with Security Key' is clicked on

2022-01-17 20:47:44 - [TEST_STEP][PASSED] - setEncryptedText(findTestObject("Object Repository/Page_Element/input_Security Key_mx_Field_4"), "PF4jXtbe/5x5+S5PgN4Kl/QbANAkWZYKqKaG9gW6gn+Po31AOnak0DX8GoEzAUkskgpeON1UhfEqZG0XXngJPA=="): Text ****** has been set on object 'Object Repository/Page_Element/input_Security Key_mx_Field_4'

2022-01-17 20:47:47 - [MESSAGE][PASSED] - Text ****** has been set on object 'Object Repository/Page_Element/input_Security Key_mx_Field_4'

2022-01-17 20:47:47 - [TEST_STEP][PASSED] - click(findTestObject("Object Repository/Page_Element/button_Continue")): Object: 'Object Repository/Page_Element/button_Continue' is clicked on

2022-01-17 20:47:48 - [MESSAGE][PASSED] - Object: 'Object Repository/Page_Element/button_Continue' is clicked on

2022-01-17 20:47:48 - [TEST_STEP][PASSED] - click(findTestObject("Object Repository/Page_Element/div_Done")): Object: 'Object Repository/Page_Element/div_Done' is clicked on

2022-01-17 20:47:50 - [MESSAGE][PASSED] - Object: 'Object Repository/Page_Element/div_Done' is clicked on

2022-01-17 20:47:50 - [TEST_STEP][PASSED] - rightClick(findTestObject("Object Repository/Page_Element/img_Review_mx_BaseAvatar_image")): Object: 'Object Repository/Page_Element/img_Review_mx_BaseAvatar_image' is right clicked on

2022-01-17 20:47:50 - [MESSAGE][PASSED] - Object: 'Object Repository/Page_Element/img_Review_mx_BaseAvatar_image' is right clicked on

2022-01-17 20:47:50 - [TEST_STEP][PASSED] - click(findTestObject("Object Repository/Page_Element/div_All settings")): Object: 'Object Repository/Page_Element/div_All settings' is clicked on

2022-01-17 20:47:52 - [MESSAGE][PASSED] - Object: 'Object Repository/Page_Element/div_All settings' is clicked on

2022-01-17 20:47:52 - [TEST_STEP][PASSED] - click(findTestObject("Object Repository/Page_Element/div_Preferences")): Object: 'Object Repository/Page_Element/div_Preferences' is clicked on

2022-01-17 20:47:53 - [MESSAGE][PASSED] - Object: 'Object Repository/Page_Element/div_Preferences' is clicked on

2022-01-17 20:47:53 - [TEST_STEP][PASSED] - click(findTestObject("Object Repository/Page_Element/div_Enable automatic language detection for_7a18d5")): Object: 'Object Repository/Page_Element/div_Enable automatic language detection for_7a18d5' is clicked on

2022-01-17 20:47:54 - [MESSAGE][PASSED] - Object: 'Object Repository/Page_Element/div_Enable automatic language detection for_7a18d5' is clicked on

2022-01-17 20:47:54 - [TEST_STEP][PASSED] - click(findTestObject("Object Repository/Page_Element/div_Enable automatic language detection for_9f13ec")): Object: 'Object Repository/Page_Element/div_Enable automatic language detection for_9f13ec' is clicked on

2022-01-17 20:47:55 - [MESSAGE][PASSED] - Object: 'Object Repository/Page_Element/div_Enable automatic language detection for_9f13ec' is clicked on

2022-01-17 20:47:55 - [TEST_STEP][PASSED] - click(findTestObject("Object Repository/Page_Element/div_Settings_mx_AccessibleButton mx_Dialog__4987e8")): Object: 'Object Repository/Page_Element/div_Settings_mx_AccessibleButton mx_Dialog__4987e8' is clicked on

2022-01-17 20:47:57 - [MESSAGE][PASSED] - Object: 'Object Repository/Page_Element/div_Settings_mx_AccessibleButton mx_Dialog__4987e8' is clicked on

2022-01-17 20:47:57 - [TEST_STEP][PASSED] - closeBrowser(): Browser is closed

2022-01-17 20:47:57 - [MESSAGE][PASSED] - Browser is closed]]></system-out>
         <system-err><![CDATA[]]></system-err>
      </testcase>
      <testcase name="Test Cases/78.RightClickSpace" time="37.186" classname="Test Cases/78.RightClickSpace" status="PASSED">
         <system-out><![CDATA[2022-01-17 20:47:57 - [TEST_CASE][PASSED] - Test Cases/78.RightClickSpace: Test Cases/78.RightClickSpace

2022-01-17 20:47:58 - [TEST_STEP][PASSED] - openBrowser(""): Browser is opened with url: ''

2022-01-17 20:47:58 - [MESSAGE][INFO] - Starting 'Chrome' driver

2022-01-17 20:47:58 - [MESSAGE][INFO] - Action delay is set to 1,000 milliseconds

2022-01-17 20:48:00 - [MESSAGE][PASSED] - Browser is opened with url: ''

2022-01-17 20:48:00 - [TEST_STEP][PASSED] - navigateToUrl("http://localhost:8080/"): Navigate to 'http://localhost:8080/' successfully

2022-01-17 20:48:04 - [MESSAGE][PASSED] - Navigate to 'http://localhost:8080/' successfully

2022-01-17 20:48:04 - [TEST_STEP][PASSED] - click(findTestObject("Object Repository/Page_Element/div_Sign In")): Object: 'Object Repository/Page_Element/div_Sign In' is clicked on

2022-01-17 20:48:09 - [MESSAGE][PASSED] - Object: 'Object Repository/Page_Element/div_Sign In' is clicked on

2022-01-17 20:48:09 - [TEST_STEP][PASSED] - setText(findTestObject("Object Repository/Page_Element/input_Sign in with_username"), "ptnha19"): Text 'ptnha19' is set on object 'Object Repository/Page_Element/input_Sign in with_username'

2022-01-17 20:48:12 - [MESSAGE][PASSED] - Text 'ptnha19' is set on object 'Object Repository/Page_Element/input_Sign in with_username'

2022-01-17 20:48:12 - [TEST_STEP][PASSED] - setEncryptedText(findTestObject("Object Repository/Page_Element/input_Username_password"), "5R3Ima4A+eOeCrCDRGMLmJpaGR3V3+YI"): Text ****** has been set on object 'Object Repository/Page_Element/input_Username_password'

2022-01-17 20:48:15 - [MESSAGE][PASSED] - Text ****** has been set on object 'Object Repository/Page_Element/input_Username_password'

2022-01-17 20:48:15 - [TEST_STEP][PASSED] - click(findTestObject("Object Repository/Page_Element/input_Forgot password_mx_Login_submit")): Object: 'Object Repository/Page_Element/input_Forgot password_mx_Login_submit' is clicked on

2022-01-17 20:48:16 - [MESSAGE][PASSED] - Object: 'Object Repository/Page_Element/input_Forgot password_mx_Login_submit' is clicked on

2022-01-17 20:48:16 - [TEST_STEP][PASSED] - click(findTestObject("Object Repository/Page_Element/div_Verify with Security Key")): Object: 'Object Repository/Page_Element/div_Verify with Security Key' is clicked on

2022-01-17 20:48:21 - [MESSAGE][PASSED] - Object: 'Object Repository/Page_Element/div_Verify with Security Key' is clicked on

2022-01-17 20:48:21 - [TEST_STEP][PASSED] - setEncryptedText(findTestObject("Object Repository/Page_Element/input_Security Key_mx_Field_4"), "PF4jXtbe/5x5+S5PgN4Kl/QbANAkWZYKqKaG9gW6gn+Po31AOnak0DX8GoEzAUkskgpeON1UhfEqZG0XXngJPA=="): Text ****** has been set on object 'Object Repository/Page_Element/input_Security Key_mx_Field_4'

2022-01-17 20:48:24 - [MESSAGE][PASSED] - Text ****** has been set on object 'Object Repository/Page_Element/input_Security Key_mx_Field_4'

2022-01-17 20:48:24 - [TEST_STEP][PASSED] - click(findTestObject("Object Repository/Page_Element/button_Continue")): Object: 'Object Repository/Page_Element/button_Continue' is clicked on

2022-01-17 20:48:25 - [MESSAGE][PASSED] - Object: 'Object Repository/Page_Element/button_Continue' is clicked on

2022-01-17 20:48:25 - [TEST_STEP][PASSED] - click(findTestObject("Object Repository/Page_Element/div_Done")): Object: 'Object Repository/Page_Element/div_Done' is clicked on

2022-01-17 20:48:28 - [MESSAGE][PASSED] - Object: 'Object Repository/Page_Element/div_Done' is clicked on

2022-01-17 20:48:28 - [TEST_STEP][PASSED] - rightClick(findTestObject("Object Repository/Page_Element/span_H")): Object: 'Object Repository/Page_Element/span_H' is right clicked on

2022-01-17 20:48:28 - [MESSAGE][PASSED] - Object: 'Object Repository/Page_Element/span_H' is right clicked on

2022-01-17 20:48:28 - [TEST_STEP][PASSED] - click(findTestObject("Object Repository/Page_Element/span_Manage  explore rooms")): Object: 'Object Repository/Page_Element/span_Manage  explore rooms' is clicked on

2022-01-17 20:48:29 - [MESSAGE][PASSED] - Object: 'Object Repository/Page_Element/span_Manage  explore rooms' is clicked on

2022-01-17 20:48:29 - [TEST_STEP][PASSED] - setText(findTestObject("Object Repository/Page_Element  hey ban Khoa/input_This is a test space_mx_textinput_ico_852234"), "abc"): Text 'abc' is set on object 'Object Repository/Page_Element  hey ban Khoa/input_This is a test space_mx_textinput_ico_852234'

2022-01-17 20:48:33 - [MESSAGE][PASSED] - Text 'abc' is set on object 'Object Repository/Page_Element  hey ban Khoa/input_This is a test space_mx_textinput_ico_852234'

2022-01-17 20:48:33 - [TEST_STEP][PASSED] - click(findTestObject("Object Repository/Page_Element  hey ban Khoa/div_This is a test space_mx_AccessibleButto_bf32ba")): Object: 'Object Repository/Page_Element  hey ban Khoa/div_This is a test space_mx_AccessibleButto_bf32ba' is clicked on

2022-01-17 20:48:34 - [MESSAGE][PASSED] - Object: 'Object Repository/Page_Element  hey ban Khoa/div_This is a test space_mx_AccessibleButto_bf32ba' is clicked on

2022-01-17 20:48:34 - [TEST_STEP][PASSED] - closeBrowser(): Browser is closed

2022-01-17 20:48:35 - [MESSAGE][PASSED] - Browser is closed]]></system-out>
         <system-err><![CDATA[]]></system-err>
      </testcase>
      <testcase name="Test Cases/80.PreferemcesSpace_RightClick" time="40.408" classname="Test Cases/80.PreferemcesSpace_RightClick" status="PASSED">
         <system-out><![CDATA[2022-01-17 20:48:35 - [TEST_CASE][PASSED] - Test Cases/80.PreferemcesSpace_RightClick: Test Cases/80.PreferemcesSpace_RightClick

2022-01-17 20:48:35 - [TEST_STEP][PASSED] - openBrowser(""): Browser is opened with url: ''

2022-01-17 20:48:35 - [MESSAGE][INFO] - Starting 'Chrome' driver

2022-01-17 20:48:35 - [MESSAGE][INFO] - Action delay is set to 1,000 milliseconds

2022-01-17 20:48:36 - [MESSAGE][PASSED] - Browser is opened with url: ''

2022-01-17 20:48:36 - [TEST_STEP][PASSED] - navigateToUrl("http://localhost:8080/"): Navigate to 'http://localhost:8080/' successfully

2022-01-17 20:48:39 - [MESSAGE][PASSED] - Navigate to 'http://localhost:8080/' successfully

2022-01-17 20:48:39 - [TEST_STEP][PASSED] - click(findTestObject("Object Repository/Page_Element/div_Sign In")): Object: 'Object Repository/Page_Element/div_Sign In' is clicked on

2022-01-17 20:48:43 - [MESSAGE][PASSED] - Object: 'Object Repository/Page_Element/div_Sign In' is clicked on

2022-01-17 20:48:43 - [TEST_STEP][PASSED] - setText(findTestObject("Object Repository/Page_Element/input_Sign in with_username"), "ptnha19"): Text 'ptnha19' is set on object 'Object Repository/Page_Element/input_Sign in with_username'

2022-01-17 20:48:46 - [MESSAGE][PASSED] - Text 'ptnha19' is set on object 'Object Repository/Page_Element/input_Sign in with_username'

2022-01-17 20:48:46 - [TEST_STEP][PASSED] - setEncryptedText(findTestObject("Object Repository/Page_Element/input_Username_password"), "5R3Ima4A+eOeCrCDRGMLmJpaGR3V3+YI"): Text ****** has been set on object 'Object Repository/Page_Element/input_Username_password'

2022-01-17 20:48:49 - [MESSAGE][PASSED] - Text ****** has been set on object 'Object Repository/Page_Element/input_Username_password'

2022-01-17 20:48:49 - [TEST_STEP][PASSED] - click(findTestObject("Object Repository/Page_Element/input_Forgot password_mx_Login_submit")): Object: 'Object Repository/Page_Element/input_Forgot password_mx_Login_submit' is clicked on

2022-01-17 20:48:50 - [MESSAGE][PASSED] - Object: 'Object Repository/Page_Element/input_Forgot password_mx_Login_submit' is clicked on

2022-01-17 20:48:50 - [TEST_STEP][PASSED] - click(findTestObject("Object Repository/Page_Element/div_Verify with Security Key")): Object: 'Object Repository/Page_Element/div_Verify with Security Key' is clicked on

2022-01-17 20:48:56 - [MESSAGE][PASSED] - Object: 'Object Repository/Page_Element/div_Verify with Security Key' is clicked on

2022-01-17 20:48:56 - [TEST_STEP][PASSED] - setEncryptedText(findTestObject("Object Repository/Page_Element/input_Security Key_mx_Field_4"), "PF4jXtbe/5x5+S5PgN4Kl/QbANAkWZYKqKaG9gW6gn+Po31AOnak0DX8GoEzAUkskgpeON1UhfEqZG0XXngJPA=="): Text ****** has been set on object 'Object Repository/Page_Element/input_Security Key_mx_Field_4'

2022-01-17 20:48:59 - [MESSAGE][PASSED] - Text ****** has been set on object 'Object Repository/Page_Element/input_Security Key_mx_Field_4'

2022-01-17 20:48:59 - [TEST_STEP][PASSED] - click(findTestObject("Object Repository/Page_Element/button_Continue")): Object: 'Object Repository/Page_Element/button_Continue' is clicked on

2022-01-17 20:49:00 - [MESSAGE][PASSED] - Object: 'Object Repository/Page_Element/button_Continue' is clicked on

2022-01-17 20:49:00 - [TEST_STEP][PASSED] - click(findTestObject("Object Repository/Page_Element/div_Done")): Object: 'Object Repository/Page_Element/div_Done' is clicked on

2022-01-17 20:49:03 - [MESSAGE][PASSED] - Object: 'Object Repository/Page_Element/div_Done' is clicked on

2022-01-17 20:49:03 - [TEST_STEP][PASSED] - rightClick(findTestObject("Object Repository/Page_Element/span_H")): Object: 'Object Repository/Page_Element/span_H' is right clicked on

2022-01-17 20:49:03 - [MESSAGE][PASSED] - Object: 'Object Repository/Page_Element/span_H' is right clicked on

2022-01-17 20:49:03 - [TEST_STEP][PASSED] - click(findTestObject("Object Repository/Page_Element/span_Preferences")): Object: 'Object Repository/Page_Element/span_Preferences' is clicked on

2022-01-17 20:49:06 - [MESSAGE][PASSED] - Object: 'Object Repository/Page_Element/span_Preferences' is clicked on

2022-01-17 20:49:06 - [TEST_STEP][PASSED] - click(findTestObject("Object Repository/Page_Element/div_Sections to show_mx_Checkbox_background")): Object: 'Object Repository/Page_Element/div_Sections to show_mx_Checkbox_background' is clicked on

2022-01-17 20:49:10 - [MESSAGE][PASSED] - Object: 'Object Repository/Page_Element/div_Sections to show_mx_Checkbox_background' is clicked on

2022-01-17 20:49:10 - [TEST_STEP][PASSED] - click(findTestObject("Object Repository/Page_Element/div_Sections to show_mx_Checkbox_checkmark")): Object: 'Object Repository/Page_Element/div_Sections to show_mx_Checkbox_checkmark' is clicked on

2022-01-17 20:49:13 - [MESSAGE][PASSED] - Object: 'Object Repository/Page_Element/div_Sections to show_mx_Checkbox_checkmark' is clicked on

2022-01-17 20:49:13 - [TEST_STEP][PASSED] - click(findTestObject("Object Repository/Page_Element/div_Preferences_mx_AccessibleButton mx_Dial_364915")): Object: 'Object Repository/Page_Element/div_Preferences_mx_AccessibleButton mx_Dial_364915' is clicked on

2022-01-17 20:49:14 - [MESSAGE][PASSED] - Object: 'Object Repository/Page_Element/div_Preferences_mx_AccessibleButton mx_Dial_364915' is clicked on

2022-01-17 20:49:14 - [TEST_STEP][PASSED] - closeBrowser(): Browser is closed

2022-01-17 20:49:15 - [MESSAGE][PASSED] - Browser is closed]]></system-out>
         <system-err><![CDATA[]]></system-err>
      </testcase>
      <testcase name="Test Cases/82.SignIn02" time="56.801" classname="Test Cases/82.SignIn02" status="PASSED">
         <system-out><![CDATA[2022-01-17 20:49:15 - [TEST_CASE][PASSED] - Test Cases/82.SignIn02: Test Cases/82.SignIn02

2022-01-17 20:49:15 - [TEST_STEP][PASSED] - openBrowser(""): Browser is opened with url: ''

2022-01-17 20:49:15 - [MESSAGE][INFO] - Starting 'Chrome' driver

2022-01-17 20:49:15 - [MESSAGE][INFO] - Action delay is set to 1,000 milliseconds

2022-01-17 20:49:17 - [MESSAGE][PASSED] - Browser is opened with url: ''

2022-01-17 20:49:17 - [TEST_STEP][PASSED] - navigateToUrl("http://localhost:8080/"): Navigate to 'http://localhost:8080/' successfully

2022-01-17 20:49:20 - [MESSAGE][PASSED] - Navigate to 'http://localhost:8080/' successfully

2022-01-17 20:49:20 - [TEST_STEP][PASSED] - click(findTestObject("Object Repository/Page_Element/div_English (US)")): Object: 'Object Repository/Page_Element/div_English (US)' is clicked on

2022-01-17 20:49:24 - [MESSAGE][PASSED] - Object: 'Object Repository/Page_Element/div_English (US)' is clicked on

2022-01-17 20:49:24 - [TEST_STEP][PASSED] - setText(findTestObject("Object Repository/Page_Element/input_Explore rooms_mx_LanguageDropdown_input"), "Dan"): Text 'Dan' is set on object 'Object Repository/Page_Element/input_Explore rooms_mx_LanguageDropdown_input'

2022-01-17 20:49:26 - [MESSAGE][PASSED] - Text 'Dan' is set on object 'Object Repository/Page_Element/input_Explore rooms_mx_LanguageDropdown_input'

2022-01-17 20:49:26 - [TEST_STEP][PASSED] - click(findTestObject("Object Repository/Page_Element/div_Dansk")): Object: 'Object Repository/Page_Element/div_Dansk' is clicked on

2022-01-17 20:49:29 - [MESSAGE][PASSED] - Object: 'Object Repository/Page_Element/div_Dansk' is clicked on

2022-01-17 20:49:29 - [TEST_STEP][PASSED] - click(findTestObject("Object Repository/Page_Element/div_Dansk_1")): Object: 'Object Repository/Page_Element/div_Dansk_1' is clicked on

2022-01-17 20:49:32 - [MESSAGE][PASSED] - Object: 'Object Repository/Page_Element/div_Dansk_1' is clicked on

2022-01-17 20:49:32 - [TEST_STEP][PASSED] - setText(findTestObject("Object Repository/Page_Element/input_Explore rooms_mx_LanguageDropdown_input"), "Eng"): Text 'Eng' is set on object 'Object Repository/Page_Element/input_Explore rooms_mx_LanguageDropdown_input'

2022-01-17 20:49:34 - [MESSAGE][PASSED] - Text 'Eng' is set on object 'Object Repository/Page_Element/input_Explore rooms_mx_LanguageDropdown_input'

2022-01-17 20:49:34 - [TEST_STEP][PASSED] - click(findTestObject("Object Repository/Page_Element/div_English")): Object: 'Object Repository/Page_Element/div_English' is clicked on

2022-01-17 20:49:37 - [MESSAGE][PASSED] - Object: 'Object Repository/Page_Element/div_English' is clicked on

2022-01-17 20:49:37 - [TEST_STEP][PASSED] - click(findTestObject("Object Repository/Page_Element/div_Explore rooms")): Object: 'Object Repository/Page_Element/div_Explore rooms' is clicked on

2022-01-17 20:49:39 - [MESSAGE][PASSED] - Object: 'Object Repository/Page_Element/div_Explore rooms' is clicked on

2022-01-17 20:49:39 - [TEST_STEP][PASSED] - click(findTestObject("Object Repository/Page_Element/div_Explore rooms_mx_AccessibleButton mx_Di_ac37a4")): Object: 'Object Repository/Page_Element/div_Explore rooms_mx_AccessibleButton mx_Di_ac37a4' is clicked on

2022-01-17 20:49:41 - [MESSAGE][PASSED] - Object: 'Object Repository/Page_Element/div_Explore rooms_mx_AccessibleButton mx_Di_ac37a4' is clicked on

2022-01-17 20:49:41 - [TEST_STEP][PASSED] - click(findTestObject("Object Repository/Page_Element/div_Sign In")): Object: 'Object Repository/Page_Element/div_Sign In' is clicked on

2022-01-17 20:49:42 - [MESSAGE][PASSED] - Object: 'Object Repository/Page_Element/div_Sign In' is clicked on

2022-01-17 20:49:42 - [TEST_STEP][PASSED] - setText(findTestObject("Object Repository/Page_Element/input_Sign in with_username"), "ptnha19"): Text 'ptnha19' is set on object 'Object Repository/Page_Element/input_Sign in with_username'

2022-01-17 20:49:45 - [MESSAGE][PASSED] - Text 'ptnha19' is set on object 'Object Repository/Page_Element/input_Sign in with_username'

2022-01-17 20:49:45 - [TEST_STEP][PASSED] - setEncryptedText(findTestObject("Object Repository/Page_Element/input_Username_password"), "5R3Ima4A+eOeCrCDRGMLmJpaGR3V3+YI"): Text ****** has been set on object 'Object Repository/Page_Element/input_Username_password'

2022-01-17 20:49:47 - [MESSAGE][PASSED] - Text ****** has been set on object 'Object Repository/Page_Element/input_Username_password'

2022-01-17 20:49:47 - [TEST_STEP][PASSED] - click(findTestObject("Object Repository/Page_Element/input_Forgot password_mx_Login_submit")): Object: 'Object Repository/Page_Element/input_Forgot password_mx_Login_submit' is clicked on

2022-01-17 20:49:48 - [MESSAGE][PASSED] - Object: 'Object Repository/Page_Element/input_Forgot password_mx_Login_submit' is clicked on

2022-01-17 20:49:48 - [TEST_STEP][PASSED] - click(findTestObject("Object Repository/Page_Element/div_Verify with Security Key")): Object: 'Object Repository/Page_Element/div_Verify with Security Key' is clicked on

2022-01-17 20:50:05 - [MESSAGE][PASSED] - Object: 'Object Repository/Page_Element/div_Verify with Security Key' is clicked on

2022-01-17 20:50:05 - [TEST_STEP][PASSED] - setEncryptedText(findTestObject("Object Repository/Page_Element/input_Security Key_mx_Field_4"), "PF4jXtbe/5x5+S5PgN4Kl/QbANAkWZYKqKaG9gW6gn+Po31AOnak0DX8GoEzAUkskgpeON1UhfEqZG0XXngJPA=="): Text ****** has been set on object 'Object Repository/Page_Element/input_Security Key_mx_Field_4'

2022-01-17 20:50:08 - [MESSAGE][PASSED] - Text ****** has been set on object 'Object Repository/Page_Element/input_Security Key_mx_Field_4'

2022-01-17 20:50:08 - [TEST_STEP][PASSED] - click(findTestObject("Object Repository/Page_Element/button_Continue")): Object: 'Object Repository/Page_Element/button_Continue' is clicked on

2022-01-17 20:50:09 - [MESSAGE][PASSED] - Object: 'Object Repository/Page_Element/button_Continue' is clicked on

2022-01-17 20:50:09 - [TEST_STEP][PASSED] - click(findTestObject("Object Repository/Page_Element/div_Done")): Object: 'Object Repository/Page_Element/div_Done' is clicked on

2022-01-17 20:50:11 - [MESSAGE][PASSED] - Object: 'Object Repository/Page_Element/div_Done' is clicked on

2022-01-17 20:50:11 - [TEST_STEP][PASSED] - closeBrowser(): Browser is closed

2022-01-17 20:50:12 - [MESSAGE][PASSED] - Browser is closed]]></system-out>
         <system-err><![CDATA[]]></system-err>
      </testcase>
      <testcase name="Test Cases/85.SignInFail02" time="27.611" classname="Test Cases/85.SignInFail02" status="PASSED">
         <system-out><![CDATA[2022-01-17 20:50:12 - [TEST_CASE][PASSED] - Test Cases/85.SignInFail02: Test Cases/85.SignInFail02

2022-01-17 20:50:12 - [TEST_STEP][PASSED] - openBrowser(""): Browser is opened with url: ''

2022-01-17 20:50:12 - [MESSAGE][INFO] - Starting 'Chrome' driver

2022-01-17 20:50:12 - [MESSAGE][INFO] - Action delay is set to 1,000 milliseconds

2022-01-17 20:50:13 - [MESSAGE][PASSED] - Browser is opened with url: ''

2022-01-17 20:50:13 - [TEST_STEP][PASSED] - navigateToUrl("http://localhost:8080/"): Navigate to 'http://localhost:8080/' successfully

2022-01-17 20:50:16 - [MESSAGE][PASSED] - Navigate to 'http://localhost:8080/' successfully

2022-01-17 20:50:16 - [TEST_STEP][PASSED] - click(findTestObject("Object Repository/Page_Element/div_Explore rooms")): Object: 'Object Repository/Page_Element/div_Explore rooms' is clicked on

2022-01-17 20:50:21 - [MESSAGE][PASSED] - Object: 'Object Repository/Page_Element/div_Explore rooms' is clicked on

2022-01-17 20:50:21 - [TEST_STEP][PASSED] - setText(findTestObject("Object Repository/Page_Element/input_Create a new room_dirsearch"), "dhb"): Text 'dhb' is set on object 'Object Repository/Page_Element/input_Create a new room_dirsearch'

2022-01-17 20:50:23 - [MESSAGE][PASSED] - Text 'dhb' is set on object 'Object Repository/Page_Element/input_Create a new room_dirsearch'

2022-01-17 20:50:23 - [TEST_STEP][PASSED] - delay(5): Delayed 5 second(s)

2022-01-17 20:50:28 - [MESSAGE][PASSED] - Delayed 5 second(s)

2022-01-17 20:50:28 - [TEST_STEP][PASSED] - click(findTestObject("Object Repository/Page_Element/div_Preview")): Object: 'Object Repository/Page_Element/div_Preview' is clicked on

2022-01-17 20:50:31 - [MESSAGE][PASSED] - Object: 'Object Repository/Page_Element/div_Preview' is clicked on

2022-01-17 20:50:31 - [TEST_STEP][PASSED] - click(findTestObject("Object Repository/Page_Element/button_Sign In")): Object: 'Object Repository/Page_Element/button_Sign In' is clicked on

2022-01-17 20:50:32 - [MESSAGE][PASSED] - Object: 'Object Repository/Page_Element/button_Sign In' is clicked on

2022-01-17 20:50:32 - [TEST_STEP][PASSED] - setText(findTestObject("Object Repository/Page_Element/input_Sign in with_username"), "ptnha19"): Text 'ptnha19' is set on object 'Object Repository/Page_Element/input_Sign in with_username'

2022-01-17 20:50:36 - [MESSAGE][PASSED] - Text 'ptnha19' is set on object 'Object Repository/Page_Element/input_Sign in with_username'

2022-01-17 20:50:36 - [TEST_STEP][PASSED] - setEncryptedText(findTestObject("Object Repository/Page_Element/input_Username_password"), "8ylGA/40/qI="): Text ****** has been set on object 'Object Repository/Page_Element/input_Username_password'

2022-01-17 20:50:38 - [MESSAGE][PASSED] - Text ****** has been set on object 'Object Repository/Page_Element/input_Username_password'

2022-01-17 20:50:38 - [TEST_STEP][PASSED] - click(findTestObject("Object Repository/Page_Element/input_Forgot password_mx_Login_submit")): Object: 'Object Repository/Page_Element/input_Forgot password_mx_Login_submit' is clicked on

2022-01-17 20:50:39 - [MESSAGE][PASSED] - Object: 'Object Repository/Page_Element/input_Forgot password_mx_Login_submit' is clicked on

2022-01-17 20:50:39 - [TEST_STEP][PASSED] - closeBrowser(): Browser is closed

2022-01-17 20:50:39 - [MESSAGE][PASSED] - Browser is closed]]></system-out>
         <system-err><![CDATA[]]></system-err>
      </testcase>
      <testcase name="Test Cases/90.ExploreRoomCreateGroup" time="44.448" classname="Test Cases/90.ExploreRoomCreateGroup" status="PASSED">
         <system-out><![CDATA[2022-01-17 20:50:39 - [TEST_CASE][PASSED] - Test Cases/90.ExploreRoomCreateGroup: Test Cases/90.ExploreRoomCreateGroup

2022-01-17 20:50:40 - [TEST_STEP][PASSED] - openBrowser(""): Browser is opened with url: ''

2022-01-17 20:50:40 - [MESSAGE][INFO] - Starting 'Chrome' driver

2022-01-17 20:50:40 - [MESSAGE][INFO] - Action delay is set to 1,000 milliseconds

2022-01-17 20:50:41 - [MESSAGE][PASSED] - Browser is opened with url: ''

2022-01-17 20:50:41 - [TEST_STEP][PASSED] - navigateToUrl("http://localhost:8080/"): Navigate to 'http://localhost:8080/' successfully

2022-01-17 20:50:43 - [MESSAGE][PASSED] - Navigate to 'http://localhost:8080/' successfully

2022-01-17 20:50:43 - [TEST_STEP][PASSED] - click(findTestObject("Object Repository/Page_Element/div_Sign In")): Object: 'Object Repository/Page_Element/div_Sign In' is clicked on

2022-01-17 20:50:47 - [MESSAGE][PASSED] - Object: 'Object Repository/Page_Element/div_Sign In' is clicked on

2022-01-17 20:50:47 - [TEST_STEP][PASSED] - setText(findTestObject("Object Repository/Page_Element/input_Sign in with_username"), "ptnha19"): Text 'ptnha19' is set on object 'Object Repository/Page_Element/input_Sign in with_username'

2022-01-17 20:50:50 - [MESSAGE][PASSED] - Text 'ptnha19' is set on object 'Object Repository/Page_Element/input_Sign in with_username'

2022-01-17 20:50:50 - [TEST_STEP][PASSED] - setEncryptedText(findTestObject("Object Repository/Page_Element/input_Username_password"), "5R3Ima4A+eOeCrCDRGMLmJpaGR3V3+YI"): Text ****** has been set on object 'Object Repository/Page_Element/input_Username_password'

2022-01-17 20:50:52 - [MESSAGE][PASSED] - Text ****** has been set on object 'Object Repository/Page_Element/input_Username_password'

2022-01-17 20:50:52 - [TEST_STEP][PASSED] - click(findTestObject("Object Repository/Page_Element/input_Forgot password_mx_Login_submit")): Object: 'Object Repository/Page_Element/input_Forgot password_mx_Login_submit' is clicked on

2022-01-17 20:50:53 - [MESSAGE][PASSED] - Object: 'Object Repository/Page_Element/input_Forgot password_mx_Login_submit' is clicked on

2022-01-17 20:50:53 - [TEST_STEP][PASSED] - click(findTestObject("Object Repository/Page_Element/div_Verify with Security Key")): Object: 'Object Repository/Page_Element/div_Verify with Security Key' is clicked on

2022-01-17 20:51:04 - [MESSAGE][PASSED] - Object: 'Object Repository/Page_Element/div_Verify with Security Key' is clicked on

2022-01-17 20:51:04 - [TEST_STEP][PASSED] - setEncryptedText(findTestObject("Object Repository/Page_Element/input_Security Key_mx_Field_4"), "PF4jXtbe/5x5+S5PgN4Kl/QbANAkWZYKqKaG9gW6gn+Po31AOnak0DX8GoEzAUkskgpeON1UhfEqZG0XXngJPA=="): Text ****** has been set on object 'Object Repository/Page_Element/input_Security Key_mx_Field_4'

2022-01-17 20:51:07 - [MESSAGE][PASSED] - Text ****** has been set on object 'Object Repository/Page_Element/input_Security Key_mx_Field_4'

2022-01-17 20:51:07 - [TEST_STEP][PASSED] - click(findTestObject("Object Repository/Page_Element/button_Continue")): Object: 'Object Repository/Page_Element/button_Continue' is clicked on

2022-01-17 20:51:08 - [MESSAGE][PASSED] - Object: 'Object Repository/Page_Element/button_Continue' is clicked on

2022-01-17 20:51:08 - [TEST_STEP][PASSED] - click(findTestObject("Object Repository/Page_Element/div_Done")): Object: 'Object Repository/Page_Element/div_Done' is clicked on

2022-01-17 20:51:11 - [MESSAGE][PASSED] - Object: 'Object Repository/Page_Element/div_Done' is clicked on

2022-01-17 20:51:11 - [TEST_STEP][PASSED] - click(findTestObject("Object Repository/Page_Element/span_Explore public rooms")): Object: 'Object Repository/Page_Element/span_Explore public rooms' is clicked on

2022-01-17 20:51:13 - [MESSAGE][PASSED] - Object: 'Object Repository/Page_Element/span_Explore public rooms' is clicked on

2022-01-17 20:51:13 - [TEST_STEP][PASSED] - setText(findTestObject("Object Repository/Page_Element/input_Create a new room_dirsearch"), "abc"): Text 'abc' is set on object 'Object Repository/Page_Element/input_Create a new room_dirsearch'

2022-01-17 20:51:17 - [MESSAGE][PASSED] - Text 'abc' is set on object 'Object Repository/Page_Element/input_Create a new room_dirsearch'

2022-01-17 20:51:17 - [TEST_STEP][PASSED] - click(findTestObject("Object Repository/Page_Element/div_Explore rooms_mx_AccessibleButton mx_Di_ac37a4")): Object: 'Object Repository/Page_Element/div_Explore rooms_mx_AccessibleButton mx_Di_ac37a4' is clicked on

2022-01-17 20:51:18 - [MESSAGE][PASSED] - Object: 'Object Repository/Page_Element/div_Explore rooms_mx_AccessibleButton mx_Di_ac37a4' is clicked on

2022-01-17 20:51:18 - [TEST_STEP][PASSED] - click(findTestObject("Object Repository/Page_Element/div_Create a Group Chat")): Object: 'Object Repository/Page_Element/div_Create a Group Chat' is clicked on

2022-01-17 20:51:20 - [MESSAGE][PASSED] - Object: 'Object Repository/Page_Element/div_Create a Group Chat' is clicked on

2022-01-17 20:51:20 - [TEST_STEP][PASSED] - click(findTestObject("Object Repository/Page_Element/div_Private room (invite only)")): Object: 'Object Repository/Page_Element/div_Private room (invite only)' is clicked on

2022-01-17 20:51:21 - [MESSAGE][PASSED] - Object: 'Object Repository/Page_Element/div_Private room (invite only)' is clicked on

2022-01-17 20:51:21 - [TEST_STEP][PASSED] - click(findTestObject("Object Repository/Page_Element/div_Public room")): Object: 'Object Repository/Page_Element/div_Public room' is clicked on

2022-01-17 20:51:22 - [MESSAGE][PASSED] - Object: 'Object Repository/Page_Element/div_Public room' is clicked on

2022-01-17 20:51:22 - [TEST_STEP][PASSED] - click(findTestObject("Object Repository/Page_Element/button_Cancel")): Object: 'Object Repository/Page_Element/button_Cancel' is clicked on

2022-01-17 20:51:23 - [MESSAGE][PASSED] - Object: 'Object Repository/Page_Element/button_Cancel' is clicked on

2022-01-17 20:51:23 - [TEST_STEP][PASSED] - closeBrowser(): Browser is closed

2022-01-17 20:51:24 - [MESSAGE][PASSED] - Browser is closed]]></system-out>
         <system-err><![CDATA[]]></system-err>
      </testcase>
      <testcase name="Test Cases/91.SendMessageCreateGroup" time="47.75" classname="Test Cases/91.SendMessageCreateGroup" status="PASSED">
         <system-out><![CDATA[2022-01-17 20:51:24 - [TEST_CASE][PASSED] - Test Cases/91.SendMessageCreateGroup: Test Cases/91.SendMessageCreateGroup

2022-01-17 20:51:24 - [TEST_STEP][PASSED] - openBrowser(""): Browser is opened with url: ''

2022-01-17 20:51:24 - [MESSAGE][INFO] - Starting 'Chrome' driver

2022-01-17 20:51:24 - [MESSAGE][INFO] - Action delay is set to 1,000 milliseconds

2022-01-17 20:51:26 - [MESSAGE][PASSED] - Browser is opened with url: ''

2022-01-17 20:51:26 - [TEST_STEP][PASSED] - navigateToUrl("http://localhost:8080/"): Navigate to 'http://localhost:8080/' successfully

2022-01-17 20:51:29 - [MESSAGE][PASSED] - Navigate to 'http://localhost:8080/' successfully

2022-01-17 20:51:29 - [TEST_STEP][PASSED] - click(findTestObject("Object Repository/Page_Element/div_Sign In")): Object: 'Object Repository/Page_Element/div_Sign In' is clicked on

2022-01-17 20:51:33 - [MESSAGE][PASSED] - Object: 'Object Repository/Page_Element/div_Sign In' is clicked on

2022-01-17 20:51:33 - [TEST_STEP][PASSED] - setText(findTestObject("Object Repository/Page_Element/input_Sign in with_username"), "ptnha19"): Text 'ptnha19' is set on object 'Object Repository/Page_Element/input_Sign in with_username'

2022-01-17 20:51:37 - [MESSAGE][PASSED] - Text 'ptnha19' is set on object 'Object Repository/Page_Element/input_Sign in with_username'

2022-01-17 20:51:37 - [TEST_STEP][PASSED] - setEncryptedText(findTestObject("Object Repository/Page_Element/input_Username_password"), "5R3Ima4A+eOeCrCDRGMLmJpaGR3V3+YI"): Text ****** has been set on object 'Object Repository/Page_Element/input_Username_password'

2022-01-17 20:51:39 - [MESSAGE][PASSED] - Text ****** has been set on object 'Object Repository/Page_Element/input_Username_password'

2022-01-17 20:51:39 - [TEST_STEP][PASSED] - click(findTestObject("Object Repository/Page_Element/input_Forgot password_mx_Login_submit")): Object: 'Object Repository/Page_Element/input_Forgot password_mx_Login_submit' is clicked on

2022-01-17 20:51:40 - [MESSAGE][PASSED] - Object: 'Object Repository/Page_Element/input_Forgot password_mx_Login_submit' is clicked on

2022-01-17 20:51:40 - [TEST_STEP][PASSED] - click(findTestObject("Object Repository/Page_Element/div_Verify with Security Key")): Object: 'Object Repository/Page_Element/div_Verify with Security Key' is clicked on

2022-01-17 20:51:46 - [MESSAGE][PASSED] - Object: 'Object Repository/Page_Element/div_Verify with Security Key' is clicked on

2022-01-17 20:51:46 - [TEST_STEP][PASSED] - setEncryptedText(findTestObject("Object Repository/Page_Element/input_Security Key_mx_Field_4"), "PF4jXtbe/5x5+S5PgN4Kl/QbANAkWZYKqKaG9gW6gn+Po31AOnak0DX8GoEzAUkskgpeON1UhfEqZG0XXngJPA=="): Text ****** has been set on object 'Object Repository/Page_Element/input_Security Key_mx_Field_4'

2022-01-17 20:51:51 - [MESSAGE][PASSED] - Text ****** has been set on object 'Object Repository/Page_Element/input_Security Key_mx_Field_4'

2022-01-17 20:51:51 - [TEST_STEP][PASSED] - click(findTestObject("Object Repository/Page_Element/button_Continue")): Object: 'Object Repository/Page_Element/button_Continue' is clicked on

2022-01-17 20:51:52 - [MESSAGE][PASSED] - Object: 'Object Repository/Page_Element/button_Continue' is clicked on

2022-01-17 20:51:52 - [TEST_STEP][PASSED] - click(findTestObject("Object Repository/Page_Element/div_Done")): Object: 'Object Repository/Page_Element/div_Done' is clicked on

2022-01-17 20:51:55 - [MESSAGE][PASSED] - Object: 'Object Repository/Page_Element/div_Done' is clicked on

2022-01-17 20:51:55 - [TEST_STEP][PASSED] - click(findTestObject("Object Repository/Page_Element/span_Send a Direct Message")): Object: 'Object Repository/Page_Element/span_Send a Direct Message' is clicked on

2022-01-17 20:51:57 - [MESSAGE][PASSED] - Object: 'Object Repository/Page_Element/span_Send a Direct Message' is clicked on

2022-01-17 20:51:57 - [TEST_STEP][PASSED] - click(findTestObject("Object Repository/Page_Element/div_Direct Messages_mx_AccessibleButton mx__57a7bb")): Object: 'Object Repository/Page_Element/div_Direct Messages_mx_AccessibleButton mx__57a7bb' is clicked on

2022-01-17 20:51:59 - [MESSAGE][PASSED] - Object: 'Object Repository/Page_Element/div_Direct Messages_mx_AccessibleButton mx__57a7bb' is clicked on

2022-01-17 20:51:59 - [TEST_STEP][PASSED] - click(findTestObject("Object Repository/Page_Element/div_Create a Group Chat")): Object: 'Object Repository/Page_Element/div_Create a Group Chat' is clicked on

2022-01-17 20:52:01 - [MESSAGE][PASSED] - Object: 'Object Repository/Page_Element/div_Create a Group Chat' is clicked on

2022-01-17 20:52:01 - [TEST_STEP][PASSED] - click(findTestObject("Object Repository/Page_Element/div_Enable end-to-end encryption_mx_Accessi_02f4c6")): Object: 'Object Repository/Page_Element/div_Enable end-to-end encryption_mx_Accessi_02f4c6' is clicked on

2022-01-17 20:52:02 - [MESSAGE][PASSED] - Object: 'Object Repository/Page_Element/div_Enable end-to-end encryption_mx_Accessi_02f4c6' is clicked on

2022-01-17 20:52:02 - [TEST_STEP][PASSED] - click(findTestObject("Object Repository/Page_Element/div_Enable end-to-end encryption_mx_Accessi_461c8f")): Object: 'Object Repository/Page_Element/div_Enable end-to-end encryption_mx_Accessi_461c8f' is clicked on

2022-01-17 20:52:03 - [MESSAGE][PASSED] - Object: 'Object Repository/Page_Element/div_Enable end-to-end encryption_mx_Accessi_461c8f' is clicked on

2022-01-17 20:52:03 - [TEST_STEP][PASSED] - click(findTestObject("Object Repository/Page_Element/div_Private room (invite only)")): Object: 'Object Repository/Page_Element/div_Private room (invite only)' is clicked on

2022-01-17 20:52:04 - [MESSAGE][PASSED] - Object: 'Object Repository/Page_Element/div_Private room (invite only)' is clicked on

2022-01-17 20:52:04 - [TEST_STEP][PASSED] - click(findTestObject("Object Repository/Page_Element/div_Public room")): Object: 'Object Repository/Page_Element/div_Public room' is clicked on

2022-01-17 20:52:05 - [MESSAGE][PASSED] - Object: 'Object Repository/Page_Element/div_Public room' is clicked on

2022-01-17 20:52:05 - [TEST_STEP][PASSED] - click(findTestObject("Object Repository/Page_Element/div_Public room_1")): Object: 'Object Repository/Page_Element/div_Public room_1' is clicked on

2022-01-17 20:52:07 - [MESSAGE][PASSED] - Object: 'Object Repository/Page_Element/div_Public room_1' is clicked on

2022-01-17 20:52:07 - [TEST_STEP][PASSED] - click(findTestObject("Object Repository/Page_Element/div_Private room (invite only)_1")): Object: 'Object Repository/Page_Element/div_Private room (invite only)_1' is clicked on

2022-01-17 20:52:08 - [MESSAGE][PASSED] - Object: 'Object Repository/Page_Element/div_Private room (invite only)_1' is clicked on

2022-01-17 20:52:08 - [TEST_STEP][PASSED] - click(findTestObject("Object Repository/Page_Element/summary_Show advanced")): Object: 'Object Repository/Page_Element/summary_Show advanced' is clicked on

2022-01-17 20:52:10 - [MESSAGE][PASSED] - Object: 'Object Repository/Page_Element/summary_Show advanced' is clicked on

2022-01-17 20:52:10 - [TEST_STEP][PASSED] - click(findTestObject("Object Repository/Page_Element/div_Create a private room_mx_AccessibleButt_34e55a")): Object: 'Object Repository/Page_Element/div_Create a private room_mx_AccessibleButt_34e55a' is clicked on

2022-01-17 20:52:11 - [MESSAGE][PASSED] - Object: 'Object Repository/Page_Element/div_Create a private room_mx_AccessibleButt_34e55a' is clicked on

2022-01-17 20:52:11 - [TEST_STEP][PASSED] - closeBrowser(): Browser is closed

2022-01-17 20:52:12 - [MESSAGE][PASSED] - Browser is closed]]></system-out>
         <system-err><![CDATA[]]></system-err>
      </testcase>
      <testcase name="Test Cases/93.SendMessageExploreRoomCreateGroup" time="40.965" classname="Test Cases/93.SendMessageExploreRoomCreateGroup" status="PASSED">
         <system-out><![CDATA[2022-01-17 20:52:12 - [TEST_CASE][PASSED] - Test Cases/93.SendMessageExploreRoomCreateGroup: Test Cases/93.SendMessageExploreRoomCreateGroup

2022-01-17 20:52:12 - [TEST_STEP][PASSED] - openBrowser(""): Browser is opened with url: ''

2022-01-17 20:52:12 - [MESSAGE][INFO] - Starting 'Chrome' driver

2022-01-17 20:52:12 - [MESSAGE][INFO] - Action delay is set to 1,000 milliseconds

2022-01-17 20:52:13 - [MESSAGE][PASSED] - Browser is opened with url: ''

2022-01-17 20:52:13 - [TEST_STEP][PASSED] - navigateToUrl("http://localhost:8080/"): Navigate to 'http://localhost:8080/' successfully

2022-01-17 20:52:16 - [MESSAGE][PASSED] - Navigate to 'http://localhost:8080/' successfully

2022-01-17 20:52:16 - [TEST_STEP][PASSED] - click(findTestObject("Object Repository/Page_Element/div_Sign In")): Object: 'Object Repository/Page_Element/div_Sign In' is clicked on

2022-01-17 20:52:20 - [MESSAGE][PASSED] - Object: 'Object Repository/Page_Element/div_Sign In' is clicked on

2022-01-17 20:52:20 - [TEST_STEP][PASSED] - setText(findTestObject("Object Repository/Page_Element/input_Sign in with_username"), "ptnha19"): Text 'ptnha19' is set on object 'Object Repository/Page_Element/input_Sign in with_username'

2022-01-17 20:52:23 - [MESSAGE][PASSED] - Text 'ptnha19' is set on object 'Object Repository/Page_Element/input_Sign in with_username'

2022-01-17 20:52:23 - [TEST_STEP][PASSED] - click(findTestObject("Object Repository/Page_Element/input_Forgot password_mx_Login_submit")): Object: 'Object Repository/Page_Element/input_Forgot password_mx_Login_submit' is clicked on

2022-01-17 20:52:24 - [MESSAGE][PASSED] - Object: 'Object Repository/Page_Element/input_Forgot password_mx_Login_submit' is clicked on

2022-01-17 20:52:24 - [TEST_STEP][PASSED] - setEncryptedText(findTestObject("Object Repository/Page_Element/input_Username_password"), "5R3Ima4A+eOeCrCDRGMLmJpaGR3V3+YI"): Text ****** has been set on object 'Object Repository/Page_Element/input_Username_password'

2022-01-17 20:52:27 - [MESSAGE][PASSED] - Text ****** has been set on object 'Object Repository/Page_Element/input_Username_password'

2022-01-17 20:52:27 - [TEST_STEP][PASSED] - click(findTestObject("Object Repository/Page_Element/input_Forgot password_mx_Login_submit")): Object: 'Object Repository/Page_Element/input_Forgot password_mx_Login_submit' is clicked on

2022-01-17 20:52:28 - [MESSAGE][PASSED] - Object: 'Object Repository/Page_Element/input_Forgot password_mx_Login_submit' is clicked on

2022-01-17 20:52:28 - [TEST_STEP][PASSED] - click(findTestObject("Object Repository/Page_Element/div_Verify with Security Key")): Object: 'Object Repository/Page_Element/div_Verify with Security Key' is clicked on

2022-01-17 20:52:35 - [MESSAGE][PASSED] - Object: 'Object Repository/Page_Element/div_Verify with Security Key' is clicked on

2022-01-17 20:52:35 - [TEST_STEP][PASSED] - setEncryptedText(findTestObject("Object Repository/Page_Element/input_Security Key_mx_Field_4"), "PF4jXtbe/5x5+S5PgN4Kl/QbANAkWZYKqKaG9gW6gn+Po31AOnak0DX8GoEzAUkskgpeON1UhfEqZG0XXngJPA=="): Text ****** has been set on object 'Object Repository/Page_Element/input_Security Key_mx_Field_4'

2022-01-17 20:52:37 - [MESSAGE][PASSED] - Text ****** has been set on object 'Object Repository/Page_Element/input_Security Key_mx_Field_4'

2022-01-17 20:52:37 - [TEST_STEP][PASSED] - click(findTestObject("Object Repository/Page_Element/button_Continue")): Object: 'Object Repository/Page_Element/button_Continue' is clicked on

2022-01-17 20:52:39 - [MESSAGE][PASSED] - Object: 'Object Repository/Page_Element/button_Continue' is clicked on

2022-01-17 20:52:39 - [TEST_STEP][PASSED] - click(findTestObject("Object Repository/Page_Element/div_Done")): Object: 'Object Repository/Page_Element/div_Done' is clicked on

2022-01-17 20:52:41 - [MESSAGE][PASSED] - Object: 'Object Repository/Page_Element/div_Done' is clicked on

2022-01-17 20:52:41 - [TEST_STEP][PASSED] - click(findTestObject("Object Repository/Page_Element/span_Send a Direct Message")): Object: 'Object Repository/Page_Element/span_Send a Direct Message' is clicked on

2022-01-17 20:52:43 - [MESSAGE][PASSED] - Object: 'Object Repository/Page_Element/span_Send a Direct Message' is clicked on

2022-01-17 20:52:43 - [TEST_STEP][PASSED] - click(findTestObject("Object Repository/Page_Element/div_Direct Messages_mx_AccessibleButton mx__57a7bb")): Object: 'Object Repository/Page_Element/div_Direct Messages_mx_AccessibleButton mx__57a7bb' is clicked on

2022-01-17 20:52:45 - [MESSAGE][PASSED] - Object: 'Object Repository/Page_Element/div_Direct Messages_mx_AccessibleButton mx__57a7bb' is clicked on

2022-01-17 20:52:45 - [TEST_STEP][PASSED] - click(findTestObject("Object Repository/Page_Element/span_Explore public rooms")): Object: 'Object Repository/Page_Element/span_Explore public rooms' is clicked on

2022-01-17 20:52:47 - [MESSAGE][PASSED] - Object: 'Object Repository/Page_Element/span_Explore public rooms' is clicked on

2022-01-17 20:52:47 - [TEST_STEP][PASSED] - click(findTestObject("Object Repository/Page_Element/div_Create a new room")): Object: 'Object Repository/Page_Element/div_Create a new room' is clicked on

2022-01-17 20:52:49 - [MESSAGE][PASSED] - Object: 'Object Repository/Page_Element/div_Create a new room' is clicked on

2022-01-17 20:52:49 - [TEST_STEP][PASSED] - click(findTestObject("Object Repository/Page_Element/div_Create a public room_mx_AccessibleButto_14c7c4")): Object: 'Object Repository/Page_Element/div_Create a public room_mx_AccessibleButto_14c7c4' is clicked on

2022-01-17 20:52:50 - [MESSAGE][PASSED] - Object: 'Object Repository/Page_Element/div_Create a public room_mx_AccessibleButto_14c7c4' is clicked on

2022-01-17 20:52:50 - [TEST_STEP][PASSED] - click(findTestObject("Object Repository/Page_Element/span_Create a Group Chat")): Object: 'Object Repository/Page_Element/span_Create a Group Chat' is clicked on

2022-01-17 20:52:51 - [MESSAGE][PASSED] - Object: 'Object Repository/Page_Element/span_Create a Group Chat' is clicked on

2022-01-17 20:52:51 - [TEST_STEP][PASSED] - click(findTestObject("Object Repository/Page_Element/button_Cancel")): Object: 'Object Repository/Page_Element/button_Cancel' is clicked on

2022-01-17 20:52:52 - [MESSAGE][PASSED] - Object: 'Object Repository/Page_Element/button_Cancel' is clicked on

2022-01-17 20:52:52 - [TEST_STEP][PASSED] - closeBrowser(): Browser is closed

2022-01-17 20:52:53 - [MESSAGE][PASSED] - Browser is closed]]></system-out>
         <system-err><![CDATA[]]></system-err>
      </testcase>
      <testcase name="Test Cases/1.Sign_in_Pass" time="44.158" classname="Test Cases/1.Sign_in_Pass" status="PASSED">
         <system-out><![CDATA[2022-01-17 20:52:53 - [TEST_CASE][PASSED] - Test Cases/1.Sign_in_Pass: Test Cases/1.Sign_in_Pass

2022-01-17 20:52:53 - [TEST_STEP][PASSED] - openBrowser(""): Browser is opened with url: ''

2022-01-17 20:52:53 - [MESSAGE][INFO] - Starting 'Chrome' driver

2022-01-17 20:52:53 - [MESSAGE][INFO] - Action delay is set to 1,000 milliseconds

2022-01-17 20:52:54 - [MESSAGE][PASSED] - Browser is opened with url: ''

2022-01-17 20:52:54 - [TEST_STEP][PASSED] - navigateToUrl("http://localhost:8080/"): Navigate to 'http://localhost:8080/' successfully

2022-01-17 20:52:58 - [MESSAGE][PASSED] - Navigate to 'http://localhost:8080/' successfully

2022-01-17 20:52:58 - [TEST_STEP][PASSED] - click(findTestObject("Object Repository/Page_Element/a_Sign In")): Object: 'Object Repository/Page_Element/a_Sign In' is clicked on

2022-01-17 20:53:02 - [MESSAGE][PASSED] - Object: 'Object Repository/Page_Element/a_Sign In' is clicked on

2022-01-17 20:53:02 - [TEST_STEP][PASSED] - setText(findTestObject("Object Repository/Page_Element/input_Sign in with_username"), "ptnha19"): Text 'ptnha19' is set on object 'Object Repository/Page_Element/input_Sign in with_username'

2022-01-17 20:53:05 - [MESSAGE][PASSED] - Text 'ptnha19' is set on object 'Object Repository/Page_Element/input_Sign in with_username'

2022-01-17 20:53:05 - [TEST_STEP][PASSED] - setEncryptedText(findTestObject("Object Repository/Page_Element/input_Username_password"), "5R3Ima4A+eOeCrCDRGMLmJpaGR3V3+YI"): Text ****** has been set on object 'Object Repository/Page_Element/input_Username_password'

2022-01-17 20:53:07 - [MESSAGE][PASSED] - Text ****** has been set on object 'Object Repository/Page_Element/input_Username_password'

2022-01-17 20:53:07 - [TEST_STEP][PASSED] - click(findTestObject("Object Repository/Page_Element/input_Forgot password_mx_Login_submit")): Object: 'Object Repository/Page_Element/input_Forgot password_mx_Login_submit' is clicked on

2022-01-17 20:53:08 - [MESSAGE][PASSED] - Object: 'Object Repository/Page_Element/input_Forgot password_mx_Login_submit' is clicked on

2022-01-17 20:53:08 - [TEST_STEP][PASSED] - click(findTestObject("Object Repository/Page_Element/div_Verify with Security Key")): Object: 'Object Repository/Page_Element/div_Verify with Security Key' is clicked on

2022-01-17 20:53:15 - [MESSAGE][PASSED] - Object: 'Object Repository/Page_Element/div_Verify with Security Key' is clicked on

2022-01-17 20:53:15 - [TEST_STEP][PASSED] - click(findTestObject("Object Repository/Page_Element/div_Security Key")): Object: 'Object Repository/Page_Element/div_Security Key' is clicked on

2022-01-17 20:53:27 - [MESSAGE][PASSED] - Object: 'Object Repository/Page_Element/div_Security Key' is clicked on

2022-01-17 20:53:27 - [TEST_STEP][PASSED] - setEncryptedText(findTestObject("Object Repository/Page_Element/input_Security Key_mx_Field_4"), "PF4jXtbe/5x5+S5PgN4Kl/QbANAkWZYKqKaG9gW6gn+Po31AOnak0DX8GoEzAUkskgpeON1UhfEqZG0XXngJPA=="): Text ****** has been set on object 'Object Repository/Page_Element/input_Security Key_mx_Field_4'

2022-01-17 20:53:29 - [MESSAGE][PASSED] - Text ****** has been set on object 'Object Repository/Page_Element/input_Security Key_mx_Field_4'

2022-01-17 20:53:29 - [TEST_STEP][PASSED] - click(findTestObject("Object Repository/Page_Element/button_Continue")): Object: 'Object Repository/Page_Element/button_Continue' is clicked on

2022-01-17 20:53:30 - [MESSAGE][PASSED] - Object: 'Object Repository/Page_Element/button_Continue' is clicked on

2022-01-17 20:53:30 - [TEST_STEP][PASSED] - click(findTestObject("Object Repository/Page_Element/div_Done")): Object: 'Object Repository/Page_Element/div_Done' is clicked on

2022-01-17 20:53:32 - [MESSAGE][PASSED] - Object: 'Object Repository/Page_Element/div_Done' is clicked on

2022-01-17 20:53:32 - [TEST_STEP][PASSED] - click(findTestObject("Object Repository/Page_Element/img_Enable_mx_BaseAvatar_image")): Object: 'Object Repository/Page_Element/img_Enable_mx_BaseAvatar_image' is clicked on

2022-01-17 20:53:35 - [MESSAGE][PASSED] - Object: 'Object Repository/Page_Element/img_Enable_mx_BaseAvatar_image' is clicked on

2022-01-17 20:53:35 - [TEST_STEP][PASSED] - click(findTestObject("Object Repository/Page_Element/div_This room is public_mx_ContextualMenu_b_fc4f75")): Object: 'Object Repository/Page_Element/div_This room is public_mx_ContextualMenu_b_fc4f75' is clicked on

2022-01-17 20:53:36 - [MESSAGE][PASSED] - Object: 'Object Repository/Page_Element/div_This room is public_mx_ContextualMenu_b_fc4f75' is clicked on

2022-01-17 20:53:36 - [TEST_STEP][PASSED] - closeBrowser(): Browser is closed

2022-01-17 20:53:37 - [MESSAGE][PASSED] - Browser is closed]]></system-out>
         <system-err><![CDATA[]]></system-err>
      </testcase>
      <testcase name="Test Cases/2.Sign_in_Fail" time="15.325" classname="Test Cases/2.Sign_in_Fail" status="PASSED">
         <system-out><![CDATA[2022-01-17 20:53:37 - [TEST_CASE][PASSED] - Test Cases/2.Sign_in_Fail: Test Cases/2.Sign_in_Fail

2022-01-17 20:53:37 - [TEST_STEP][PASSED] - openBrowser(""): Browser is opened with url: ''

2022-01-17 20:53:37 - [MESSAGE][INFO] - Starting 'Chrome' driver

2022-01-17 20:53:37 - [MESSAGE][INFO] - Action delay is set to 1,000 milliseconds

2022-01-17 20:53:38 - [MESSAGE][PASSED] - Browser is opened with url: ''

2022-01-17 20:53:38 - [TEST_STEP][PASSED] - navigateToUrl("http://localhost:8080/"): Navigate to 'http://localhost:8080/' successfully

2022-01-17 20:53:41 - [MESSAGE][PASSED] - Navigate to 'http://localhost:8080/' successfully

2022-01-17 20:53:41 - [TEST_STEP][PASSED] - click(findTestObject("Object Repository/Page_Element/a_Sign In")): Object: 'Object Repository/Page_Element/a_Sign In' is clicked on

2022-01-17 20:53:45 - [MESSAGE][PASSED] - Object: 'Object Repository/Page_Element/a_Sign In' is clicked on

2022-01-17 20:53:45 - [TEST_STEP][PASSED] - setText(findTestObject("Object Repository/Page_Element/input_Sign in with_username"), "ptsajfk"): Text 'ptsajfk' is set on object 'Object Repository/Page_Element/input_Sign in with_username'

2022-01-17 20:53:48 - [MESSAGE][PASSED] - Text 'ptsajfk' is set on object 'Object Repository/Page_Element/input_Sign in with_username'

2022-01-17 20:53:48 - [TEST_STEP][PASSED] - setEncryptedText(findTestObject("Object Repository/Page_Element/input_Username_password"), "nLM6O7ELZdU="): Text ****** has been set on object 'Object Repository/Page_Element/input_Username_password'

2022-01-17 20:53:50 - [MESSAGE][PASSED] - Text ****** has been set on object 'Object Repository/Page_Element/input_Username_password'

2022-01-17 20:53:50 - [TEST_STEP][PASSED] - click(findTestObject("Object Repository/Page_Element/input_Forgot password_mx_Login_submit")): Object: 'Object Repository/Page_Element/input_Forgot password_mx_Login_submit' is clicked on

2022-01-17 20:53:51 - [MESSAGE][PASSED] - Object: 'Object Repository/Page_Element/input_Forgot password_mx_Login_submit' is clicked on

2022-01-17 20:53:51 - [TEST_STEP][PASSED] - closeBrowser(): Browser is closed

2022-01-17 20:53:52 - [MESSAGE][PASSED] - Browser is closed]]></system-out>
         <system-err><![CDATA[]]></system-err>
      </testcase>
      <testcase name="Test Cases/3.Log_out" time="75.04" classname="Test Cases/3.Log_out" status="FAILED">
         <failure type="FAILED" message="Test Cases/3.Log_out FAILED.
Reason:
com.kms.katalon.core.exception.StepFailedException: Unable to click on object 'Object Repository/Page_Element/button_Sign out'
	at com.kms.katalon.core.webui.keyword.internal.WebUIKeywordMain.stepFailed(WebUIKeywordMain.groovy:64)
	at com.kms.katalon.core.webui.keyword.internal.WebUIKeywordMain.runKeyword(WebUIKeywordMain.groovy:26)
	at com.kms.katalon.core.webui.keyword.builtin.ClickKeyword.click(ClickKeyword.groovy:74)
	at com.kms.katalon.core.webui.keyword.builtin.ClickKeyword.execute(ClickKeyword.groovy:40)
	at com.kms.katalon.core.keyword.internal.KeywordExecutor.executeKeywordForPlatform(KeywordExecutor.groovy:74)
	at com.kms.katalon.core.webui.keyword.WebUiBuiltInKeywords.click(WebUiBuiltInKeywords.groovy:620)
	at com.kms.katalon.core.webui.keyword.WebUiBuiltInKeywords$click$1.call(Unknown Source)
	at 3.Log_out.run(3.Log_out:44)
	at com.kms.katalon.core.main.ScriptEngine.run(ScriptEngine.java:194)
	at com.kms.katalon.core.main.ScriptEngine.runScriptAsRawText(ScriptEngine.java:119)
	at com.kms.katalon.core.main.TestCaseExecutor.runScript(TestCaseExecutor.java:442)
	at com.kms.katalon.core.main.TestCaseExecutor.doExecute(TestCaseExecutor.java:433)
	at com.kms.katalon.core.main.TestCaseExecutor.processExecutionPhase(TestCaseExecutor.java:412)
	at com.kms.katalon.core.main.TestCaseExecutor.accessMainPhase(TestCaseExecutor.java:404)
	at com.kms.katalon.core.main.TestCaseExecutor.execute(TestCaseExecutor.java:281)
	at com.kms.katalon.core.main.TestSuiteExecutor.accessTestCaseMainPhase(TestSuiteExecutor.java:202)
	at com.kms.katalon.core.main.TestSuiteExecutor.accessTestSuiteMainPhase(TestSuiteExecutor.java:164)
	at com.kms.katalon.core.main.TestSuiteExecutor.execute(TestSuiteExecutor.java:105)
	at com.kms.katalon.core.main.TestCaseMain.startTestSuite(TestCaseMain.java:181)
	at com.kms.katalon.core.main.TestCaseMain$startTestSuite$0.call(Unknown Source)
	at TempTestSuite1642427162382.run(TempTestSuite1642427162382.groovy:36)
Caused by: com.kms.katalon.core.webui.exception.WebElementNotFoundException: Web element with id: 'Object Repository/Page_Element/button_Sign out' located by '(//button[@type='button'])[2]' not found
	at com.kms.katalon.core.webui.common.WebUiCommonHelper.findWebElement(WebUiCommonHelper.java:1368)
	at com.kms.katalon.core.webui.keyword.internal.WebUIAbstractKeyword.findWebElement(WebUIAbstractKeyword.groovy:27)
	at com.kms.katalon.core.webui.keyword.builtin.ClickKeyword$_click_closure1.doCall(ClickKeyword.groovy:65)
	at com.kms.katalon.core.webui.keyword.builtin.ClickKeyword$_click_closure1.call(ClickKeyword.groovy)
	at com.kms.katalon.core.webui.keyword.internal.WebUIKeywordMain.runKeyword(WebUIKeywordMain.groovy:20)
	... 19 more
"/>
         <system-out><![CDATA[2022-01-17 20:53:52 - [TEST_CASE][FAILED] - Test Cases/3.Log_out: Test Cases/3.Log_out FAILED.
Reason:
com.kms.katalon.core.exception.StepFailedException: Unable to click on object 'Object Repository/Page_Element/button_Sign out'
	at com.kms.katalon.core.webui.keyword.internal.WebUIKeywordMain.stepFailed(WebUIKeywordMain.groovy:64)
	at com.kms.katalon.core.webui.keyword.internal.WebUIKeywordMain.runKeyword(WebUIKeywordMain.groovy:26)
	at com.kms.katalon.core.webui.keyword.builtin.ClickKeyword.click(ClickKeyword.groovy:74)
	at com.kms.katalon.core.webui.keyword.builtin.ClickKeyword.execute(ClickKeyword.groovy:40)
	at com.kms.katalon.core.keyword.internal.KeywordExecutor.executeKeywordForPlatform(KeywordExecutor.groovy:74)
	at com.kms.katalon.core.webui.keyword.WebUiBuiltInKeywords.click(WebUiBuiltInKeywords.groovy:620)
	at com.kms.katalon.core.webui.keyword.WebUiBuiltInKeywords$click$1.call(Unknown Source)
	at 3.Log_out.run(3.Log_out:44)
	at com.kms.katalon.core.main.ScriptEngine.run(ScriptEngine.java:194)
	at com.kms.katalon.core.main.ScriptEngine.runScriptAsRawText(ScriptEngine.java:119)
	at com.kms.katalon.core.main.TestCaseExecutor.runScript(TestCaseExecutor.java:442)
	at com.kms.katalon.core.main.TestCaseExecutor.doExecute(TestCaseExecutor.java:433)
	at com.kms.katalon.core.main.TestCaseExecutor.processExecutionPhase(TestCaseExecutor.java:412)
	at com.kms.katalon.core.main.TestCaseExecutor.accessMainPhase(TestCaseExecutor.java:404)
	at com.kms.katalon.core.main.TestCaseExecutor.execute(TestCaseExecutor.java:281)
	at com.kms.katalon.core.main.TestSuiteExecutor.accessTestCaseMainPhase(TestSuiteExecutor.java:202)
	at com.kms.katalon.core.main.TestSuiteExecutor.accessTestSuiteMainPhase(TestSuiteExecutor.java:164)
	at com.kms.katalon.core.main.TestSuiteExecutor.execute(TestSuiteExecutor.java:105)
	at com.kms.katalon.core.main.TestCaseMain.startTestSuite(TestCaseMain.java:181)
	at com.kms.katalon.core.main.TestCaseMain$startTestSuite$0.call(Unknown Source)
	at TempTestSuite1642427162382.run(TempTestSuite1642427162382.groovy:36)
Caused by: com.kms.katalon.core.webui.exception.WebElementNotFoundException: Web element with id: 'Object Repository/Page_Element/button_Sign out' located by '(//button[@type='button'])[2]' not found
	at com.kms.katalon.core.webui.common.WebUiCommonHelper.findWebElement(WebUiCommonHelper.java:1368)
	at com.kms.katalon.core.webui.keyword.internal.WebUIAbstractKeyword.findWebElement(WebUIAbstractKeyword.groovy:27)
	at com.kms.katalon.core.webui.keyword.builtin.ClickKeyword$_click_closure1.doCall(ClickKeyword.groovy:65)
	at com.kms.katalon.core.webui.keyword.builtin.ClickKeyword$_click_closure1.call(ClickKeyword.groovy)
	at com.kms.katalon.core.webui.keyword.internal.WebUIKeywordMain.runKeyword(WebUIKeywordMain.groovy:20)
	... 19 more


2022-01-17 20:53:52 - [TEST_STEP][PASSED] - openBrowser(""): Browser is opened with url: ''

2022-01-17 20:53:52 - [MESSAGE][INFO] - Starting 'Chrome' driver

2022-01-17 20:53:52 - [MESSAGE][INFO] - Action delay is set to 1,000 milliseconds

2022-01-17 20:53:54 - [MESSAGE][PASSED] - Browser is opened with url: ''

2022-01-17 20:53:54 - [TEST_STEP][PASSED] - navigateToUrl("http://localhost:8080/"): Navigate to 'http://localhost:8080/' successfully

2022-01-17 20:53:56 - [MESSAGE][PASSED] - Navigate to 'http://localhost:8080/' successfully

2022-01-17 20:53:56 - [TEST_STEP][PASSED] - click(findTestObject("Object Repository/Page_Element/a_Sign In")): Object: 'Object Repository/Page_Element/a_Sign In' is clicked on

2022-01-17 20:54:00 - [MESSAGE][PASSED] - Object: 'Object Repository/Page_Element/a_Sign In' is clicked on

2022-01-17 20:54:00 - [TEST_STEP][PASSED] - setText(findTestObject("Object Repository/Page_Element/input_Sign in with_username"), "ptnha19"): Text 'ptnha19' is set on object 'Object Repository/Page_Element/input_Sign in with_username'

2022-01-17 20:54:03 - [MESSAGE][PASSED] - Text 'ptnha19' is set on object 'Object Repository/Page_Element/input_Sign in with_username'

2022-01-17 20:54:03 - [TEST_STEP][PASSED] - setEncryptedText(findTestObject("Object Repository/Page_Element/input_Username_password"), "5R3Ima4A+eOeCrCDRGMLmJpaGR3V3+YI"): Text ****** has been set on object 'Object Repository/Page_Element/input_Username_password'

2022-01-17 20:54:05 - [MESSAGE][PASSED] - Text ****** has been set on object 'Object Repository/Page_Element/input_Username_password'

2022-01-17 20:54:05 - [TEST_STEP][PASSED] - click(findTestObject("Object Repository/Page_Element/input_Forgot password_mx_Login_submit")): Object: 'Object Repository/Page_Element/input_Forgot password_mx_Login_submit' is clicked on

2022-01-17 20:54:06 - [MESSAGE][PASSED] - Object: 'Object Repository/Page_Element/input_Forgot password_mx_Login_submit' is clicked on

2022-01-17 20:54:06 - [TEST_STEP][PASSED] - click(findTestObject("Object Repository/Page_Element/div_Verify with Security Key")): Object: 'Object Repository/Page_Element/div_Verify with Security Key' is clicked on

2022-01-17 20:54:23 - [MESSAGE][PASSED] - Object: 'Object Repository/Page_Element/div_Verify with Security Key' is clicked on

2022-01-17 20:54:23 - [TEST_STEP][PASSED] - setEncryptedText(findTestObject("Object Repository/Page_Element/input_Security Key_mx_Field_4"), "PF4jXtbe/5x5+S5PgN4Kl/QbANAkWZYKqKaG9gW6gn+Po31AOnak0DX8GoEzAUkskgpeON1UhfEqZG0XXngJPA=="): Text ****** has been set on object 'Object Repository/Page_Element/input_Security Key_mx_Field_4'

2022-01-17 20:54:27 - [MESSAGE][PASSED] - Text ****** has been set on object 'Object Repository/Page_Element/input_Security Key_mx_Field_4'

2022-01-17 20:54:27 - [TEST_STEP][PASSED] - click(findTestObject("Object Repository/Page_Element/button_Continue")): Object: 'Object Repository/Page_Element/button_Continue' is clicked on

2022-01-17 20:54:28 - [MESSAGE][PASSED] - Object: 'Object Repository/Page_Element/button_Continue' is clicked on

2022-01-17 20:54:28 - [TEST_STEP][PASSED] - click(findTestObject("Object Repository/Page_Element/div_Done")): Object: 'Object Repository/Page_Element/div_Done' is clicked on

2022-01-17 20:54:31 - [MESSAGE][PASSED] - Object: 'Object Repository/Page_Element/div_Done' is clicked on

2022-01-17 20:54:31 - [TEST_STEP][PASSED] - click(findTestObject("Object Repository/Page_Element/img_Enable_mx_BaseAvatar_image")): Object: 'Object Repository/Page_Element/img_Enable_mx_BaseAvatar_image' is clicked on

2022-01-17 20:54:34 - [MESSAGE][PASSED] - Object: 'Object Repository/Page_Element/img_Enable_mx_BaseAvatar_image' is clicked on

2022-01-17 20:54:34 - [TEST_STEP][PASSED] - click(findTestObject("Object Repository/Page_Element/span_Sign out")): Object: 'Object Repository/Page_Element/span_Sign out' is clicked on

2022-01-17 20:54:36 - [MESSAGE][PASSED] - Object: 'Object Repository/Page_Element/span_Sign out' is clicked on

2022-01-17 20:54:36 - [TEST_STEP][FAILED] - click(findTestObject("Object Repository/Page_Element/button_Sign out")): Unable to click on object 'Object Repository/Page_Element/button_Sign out' (Root cause: com.kms.katalon.core.exception.StepFailedException: Unable to click on object 'Object Repository/Page_Element/button_Sign out'
	at com.kms.katalon.core.webui.keyword.internal.WebUIKeywordMain.stepFailed(WebUIKeywordMain.groovy:64)
	at com.kms.katalon.core.webui.keyword.internal.WebUIKeywordMain.runKeyword(WebUIKeywordMain.groovy:26)
	at com.kms.katalon.core.webui.keyword.builtin.ClickKeyword.click(ClickKeyword.groovy:74)
	at com.kms.katalon.core.webui.keyword.builtin.ClickKeyword.execute(ClickKeyword.groovy:40)
	at com.kms.katalon.core.keyword.internal.KeywordExecutor.executeKeywordForPlatform(KeywordExecutor.groovy:74)
	at com.kms.katalon.core.webui.keyword.WebUiBuiltInKeywords.click(WebUiBuiltInKeywords.groovy:620)
	at com.kms.katalon.core.webui.keyword.WebUiBuiltInKeywords$click$1.call(Unknown Source)
	at 3.Log_out.run(3.Log_out:44)
	at com.kms.katalon.core.main.ScriptEngine.run(ScriptEngine.java:194)
	at com.kms.katalon.core.main.ScriptEngine.runScriptAsRawText(ScriptEngine.java:119)
	at com.kms.katalon.core.main.TestCaseExecutor.runScript(TestCaseExecutor.java:442)
	at com.kms.katalon.core.main.TestCaseExecutor.doExecute(TestCaseExecutor.java:433)
	at com.kms.katalon.core.main.TestCaseExecutor.processExecutionPhase(TestCaseExecutor.java:412)
	at com.kms.katalon.core.main.TestCaseExecutor.accessMainPhase(TestCaseExecutor.java:404)
	at com.kms.katalon.core.main.TestCaseExecutor.execute(TestCaseExecutor.java:281)
	at com.kms.katalon.core.main.TestSuiteExecutor.accessTestCaseMainPhase(TestSuiteExecutor.java:202)
	at com.kms.katalon.core.main.TestSuiteExecutor.accessTestSuiteMainPhase(TestSuiteExecutor.java:164)
	at com.kms.katalon.core.main.TestSuiteExecutor.execute(TestSuiteExecutor.java:105)
	at com.kms.katalon.core.main.TestCaseMain.startTestSuite(TestCaseMain.java:181)
	at com.kms.katalon.core.main.TestCaseMain$startTestSuite$0.call(Unknown Source)
	at TempTestSuite1642427162382.run(TempTestSuite1642427162382.groovy:36)
Caused by: com.kms.katalon.core.webui.exception.WebElementNotFoundException: Web element with id: 'Object Repository/Page_Element/button_Sign out' located by '(//button[@type='button'])[2]' not found
	at com.kms.katalon.core.webui.common.WebUiCommonHelper.findWebElement(WebUiCommonHelper.java:1368)
	at com.kms.katalon.core.webui.keyword.internal.WebUIAbstractKeyword.findWebElement(WebUIAbstractKeyword.groovy:27)
	at com.kms.katalon.core.webui.keyword.builtin.ClickKeyword$_click_closure1.doCall(ClickKeyword.groovy:65)
	at com.kms.katalon.core.webui.keyword.builtin.ClickKeyword$_click_closure1.call(ClickKeyword.groovy)
	at com.kms.katalon.core.webui.keyword.internal.WebUIKeywordMain.runKeyword(WebUIKeywordMain.groovy:20)
	at com.kms.katalon.core.webui.keyword.builtin.ClickKeyword.click(ClickKeyword.groovy:74)
	at com.kms.katalon.core.webui.keyword.builtin.ClickKeyword.execute(ClickKeyword.groovy:40)
	at com.kms.katalon.core.keyword.internal.KeywordExecutor.executeKeywordForPlatform(KeywordExecutor.groovy:74)
	at com.kms.katalon.core.webui.keyword.WebUiBuiltInKeywords.click(WebUiBuiltInKeywords.groovy:620)
	at com.kms.katalon.core.webui.keyword.WebUiBuiltInKeywords$click$1.call(Unknown Source)
	at Script1641787737046.run(Script1641787737046.groovy:44)
	... 13 more
)

2022-01-17 20:55:07 - [MESSAGE][INFO] - Unable to find the element located by 'By.xpath: (//button[@type='button'])[2]'. Please recheck the objects properties to make sure the desired element is located. 

2022-01-17 20:55:07 - [MESSAGE][FAILED] - Unable to click on object 'Object Repository/Page_Element/button_Sign out' (Root cause: com.kms.katalon.core.exception.StepFailedException: Unable to click on object 'Object Repository/Page_Element/button_Sign out'
	at com.kms.katalon.core.webui.keyword.internal.WebUIKeywordMain.stepFailed(WebUIKeywordMain.groovy:64)
	at com.kms.katalon.core.webui.keyword.internal.WebUIKeywordMain.runKeyword(WebUIKeywordMain.groovy:26)
	at com.kms.katalon.core.webui.keyword.builtin.ClickKeyword.click(ClickKeyword.groovy:74)
	at com.kms.katalon.core.webui.keyword.builtin.ClickKeyword.execute(ClickKeyword.groovy:40)
	at com.kms.katalon.core.keyword.internal.KeywordExecutor.executeKeywordForPlatform(KeywordExecutor.groovy:74)
	at com.kms.katalon.core.webui.keyword.WebUiBuiltInKeywords.click(WebUiBuiltInKeywords.groovy:620)
	at com.kms.katalon.core.webui.keyword.WebUiBuiltInKeywords$click$1.call(Unknown Source)
	at 3.Log_out.run(3.Log_out:44)
	at com.kms.katalon.core.main.ScriptEngine.run(ScriptEngine.java:194)
	at com.kms.katalon.core.main.ScriptEngine.runScriptAsRawText(ScriptEngine.java:119)
	at com.kms.katalon.core.main.TestCaseExecutor.runScript(TestCaseExecutor.java:442)
	at com.kms.katalon.core.main.TestCaseExecutor.doExecute(TestCaseExecutor.java:433)
	at com.kms.katalon.core.main.TestCaseExecutor.processExecutionPhase(TestCaseExecutor.java:412)
	at com.kms.katalon.core.main.TestCaseExecutor.accessMainPhase(TestCaseExecutor.java:404)
	at com.kms.katalon.core.main.TestCaseExecutor.execute(TestCaseExecutor.java:281)
	at com.kms.katalon.core.main.TestSuiteExecutor.accessTestCaseMainPhase(TestSuiteExecutor.java:202)
	at com.kms.katalon.core.main.TestSuiteExecutor.accessTestSuiteMainPhase(TestSuiteExecutor.java:164)
	at com.kms.katalon.core.main.TestSuiteExecutor.execute(TestSuiteExecutor.java:105)
[...]

2022-01-17 21:19:21 - [TEST_STEP][PASSED] - click(findTestObject("Object Repository/Page_Element/input_Forgot password_mx_Login_submit")): Object: 'Object Repository/Page_Element/input_Forgot password_mx_Login_submit' is clicked on

2022-01-17 21:19:22 - [MESSAGE][PASSED] - Object: 'Object Repository/Page_Element/input_Forgot password_mx_Login_submit' is clicked on

2022-01-17 21:19:22 - [TEST_STEP][PASSED] - click(findTestObject("Object Repository/Page_Element/div_Verify with Security Key")): Object: 'Object Repository/Page_Element/div_Verify with Security Key' is clicked on

2022-01-17 21:19:28 - [MESSAGE][PASSED] - Object: 'Object Repository/Page_Element/div_Verify with Security Key' is clicked on

2022-01-17 21:19:28 - [TEST_STEP][PASSED] - setEncryptedText(findTestObject("Object Repository/Page_Element/input_Security Key_mx_Field_4"), "PF4jXtbe/5x5+S5PgN4Kl/QbANAkWZYKqKaG9gW6gn+Po31AOnak0DX8GoEzAUkskgpeON1UhfEqZG0XXngJPA=="): Text ****** has been set on object 'Object Repository/Page_Element/input_Security Key_mx_Field_4'

2022-01-17 21:19:32 - [MESSAGE][PASSED] - Text ****** has been set on object 'Object Repository/Page_Element/input_Security Key_mx_Field_4'

2022-01-17 21:19:32 - [TEST_STEP][PASSED] - click(findTestObject("Object Repository/Page_Element/button_Continue")): Object: 'Object Repository/Page_Element/button_Continue' is clicked on

2022-01-17 21:19:33 - [MESSAGE][PASSED] - Object: 'Object Repository/Page_Element/button_Continue' is clicked on

2022-01-17 21:19:33 - [TEST_STEP][PASSED] - click(findTestObject("Object Repository/Page_Element/div_Done")): Object: 'Object Repository/Page_Element/div_Done' is clicked on

2022-01-17 21:19:36 - [MESSAGE][PASSED] - Object: 'Object Repository/Page_Element/div_Done' is clicked on

2022-01-17 21:19:36 - [TEST_STEP][PASSED] - click(findTestObject("Object Repository/Page_Element/div_Create a Group Chat")): Object: 'Object Repository/Page_Element/div_Create a Group Chat' is clicked on

2022-01-17 21:19:37 - [MESSAGE][PASSED] - Object: 'Object Repository/Page_Element/div_Create a Group Chat' is clicked on

2022-01-17 21:19:37 - [TEST_STEP][PASSED] - click(findTestObject("Object Repository/Page_Element/summary_Show advanced")): Object: 'Object Repository/Page_Element/summary_Show advanced' is clicked on

2022-01-17 21:19:39 - [MESSAGE][PASSED] - Object: 'Object Repository/Page_Element/summary_Show advanced' is clicked on

2022-01-17 21:19:39 - [TEST_STEP][PASSED] - setText(findTestObject("Object Repository/Page_Element/input_Name_mx_Field_6"), "abc"): Text 'abc' is set on object 'Object Repository/Page_Element/input_Name_mx_Field_6'

2022-01-17 21:19:41 - [MESSAGE][PASSED] - Text 'abc' is set on object 'Object Repository/Page_Element/input_Name_mx_Field_6'

2022-01-17 21:19:41 - [TEST_STEP][PASSED] - click(findTestObject("Object Repository/Page_Element/button_Cancel")): Object: 'Object Repository/Page_Element/button_Cancel' is clicked on

2022-01-17 21:19:42 - [MESSAGE][PASSED] - Object: 'Object Repository/Page_Element/button_Cancel' is clicked on

2022-01-17 21:19:42 - [TEST_STEP][PASSED] - closeBrowser(): Browser is closed

2022-01-17 21:19:43 - [MESSAGE][PASSED] - Browser is closed]]></system-out>
         <system-err><![CDATA[]]></system-err>
      </testcase>
      <testcase name="Test Cases/89.SendMessageExploreRoom" time="33.82" classname="Test Cases/89.SendMessageExploreRoom" status="PASSED">
         <system-out><![CDATA[2022-01-17 21:19:43 - [TEST_CASE][PASSED] - Test Cases/89.SendMessageExploreRoom: Test Cases/89.SendMessageExploreRoom

2022-01-17 21:19:43 - [TEST_STEP][PASSED] - openBrowser(""): Browser is opened with url: ''

2022-01-17 21:19:43 - [MESSAGE][INFO] - Starting 'Chrome' driver

2022-01-17 21:19:43 - [MESSAGE][INFO] - Action delay is set to 1,000 milliseconds

2022-01-17 21:19:44 - [MESSAGE][PASSED] - Browser is opened with url: ''

2022-01-17 21:19:44 - [TEST_STEP][PASSED] - navigateToUrl("http://localhost:8080/"): Navigate to 'http://localhost:8080/' successfully

2022-01-17 21:19:47 - [MESSAGE][PASSED] - Navigate to 'http://localhost:8080/' successfully

2022-01-17 21:19:47 - [TEST_STEP][PASSED] - click(findTestObject("Object Repository/Page_Element/div_Sign In")): Object: 'Object Repository/Page_Element/div_Sign In' is clicked on

2022-01-17 21:19:51 - [MESSAGE][PASSED] - Object: 'Object Repository/Page_Element/div_Sign In' is clicked on

2022-01-17 21:19:51 - [TEST_STEP][PASSED] - setText(findTestObject("Object Repository/Page_Element/input_Sign in with_username"), "ptnha19"): Text 'ptnha19' is set on object 'Object Repository/Page_Element/input_Sign in with_username'

2022-01-17 21:19:54 - [MESSAGE][PASSED] - Text 'ptnha19' is set on object 'Object Repository/Page_Element/input_Sign in with_username'

2022-01-17 21:19:54 - [TEST_STEP][PASSED] - setEncryptedText(findTestObject("Object Repository/Page_Element/input_Username_password"), "5R3Ima4A+eOeCrCDRGMLmJpaGR3V3+YI"): Text ****** has been set on object 'Object Repository/Page_Element/input_Username_password'

2022-01-17 21:19:56 - [MESSAGE][PASSED] - Text ****** has been set on object 'Object Repository/Page_Element/input_Username_password'

2022-01-17 21:19:56 - [TEST_STEP][PASSED] - click(findTestObject("Object Repository/Page_Element/input_Forgot password_mx_Login_submit")): Object: 'Object Repository/Page_Element/input_Forgot password_mx_Login_submit' is clicked on

2022-01-17 21:19:57 - [MESSAGE][PASSED] - Object: 'Object Repository/Page_Element/input_Forgot password_mx_Login_submit' is clicked on

2022-01-17 21:19:57 - [TEST_STEP][PASSED] - click(findTestObject("Object Repository/Page_Element/div_Verify with Security Key")): Object: 'Object Repository/Page_Element/div_Verify with Security Key' is clicked on

2022-01-17 21:20:04 - [MESSAGE][PASSED] - Object: 'Object Repository/Page_Element/div_Verify with Security Key' is clicked on

2022-01-17 21:20:04 - [TEST_STEP][PASSED] - setEncryptedText(findTestObject("Object Repository/Page_Element/input_Security Key_mx_Field_4"), "PF4jXtbe/5x5+S5PgN4Kl/QbANAkWZYKqKaG9gW6gn+Po31AOnak0DX8GoEzAUkskgpeON1UhfEqZG0XXngJPA=="): Text ****** has been set on object 'Object Repository/Page_Element/input_Security Key_mx_Field_4'

2022-01-17 21:20:06 - [MESSAGE][PASSED] - Text ****** has been set on object 'Object Repository/Page_Element/input_Security Key_mx_Field_4'

2022-01-17 21:20:06 - [TEST_STEP][PASSED] - click(findTestObject("Object Repository/Page_Element/button_Continue")): Object: 'Object Repository/Page_Element/button_Continue' is clicked on

2022-01-17 21:20:07 - [MESSAGE][PASSED] - Object: 'Object Repository/Page_Element/button_Continue' is clicked on

2022-01-17 21:20:07 - [TEST_STEP][PASSED] - click(findTestObject("Object Repository/Page_Element/div_Done")): Object: 'Object Repository/Page_Element/div_Done' is clicked on

2022-01-17 21:20:09 - [MESSAGE][PASSED] - Object: 'Object Repository/Page_Element/div_Done' is clicked on

2022-01-17 21:20:09 - [TEST_STEP][PASSED] - click(findTestObject("Object Repository/Page_Element/span_Send a Direct Message")): Object: 'Object Repository/Page_Element/span_Send a Direct Message' is clicked on

2022-01-17 21:20:11 - [MESSAGE][PASSED] - Object: 'Object Repository/Page_Element/span_Send a Direct Message' is clicked on

2022-01-17 21:20:11 - [TEST_STEP][PASSED] - click(findTestObject("Object Repository/Page_Element/div_Direct Messages_mx_AccessibleButton mx__57a7bb")): Object: 'Object Repository/Page_Element/div_Direct Messages_mx_AccessibleButton mx__57a7bb' is clicked on

2022-01-17 21:20:12 - [MESSAGE][PASSED] - Object: 'Object Repository/Page_Element/div_Direct Messages_mx_AccessibleButton mx__57a7bb' is clicked on

2022-01-17 21:20:12 - [TEST_STEP][PASSED] - click(findTestObject("Object Repository/Page_Element/div_Explore Public Rooms")): Object: 'Object Repository/Page_Element/div_Explore Public Rooms' is clicked on

2022-01-17 21:20:13 - [MESSAGE][PASSED] - Object: 'Object Repository/Page_Element/div_Explore Public Rooms' is clicked on

2022-01-17 21:20:13 - [TEST_STEP][PASSED] - click(findTestObject("Object Repository/Page_Element/div_Create a new room")): Object: 'Object Repository/Page_Element/div_Create a new room' is clicked on

2022-01-17 21:20:15 - [MESSAGE][PASSED] - Object: 'Object Repository/Page_Element/div_Create a new room' is clicked on

2022-01-17 21:20:15 - [TEST_STEP][PASSED] - click(findTestObject("Object Repository/Page_Element/div_Create a public room_mx_AccessibleButto_14c7c4")): Object: 'Object Repository/Page_Element/div_Create a public room_mx_AccessibleButto_14c7c4' is clicked on

2022-01-17 21:20:16 - [MESSAGE][PASSED] - Object: 'Object Repository/Page_Element/div_Create a public room_mx_AccessibleButto_14c7c4' is clicked on

2022-01-17 21:20:16 - [TEST_STEP][PASSED] - closeBrowser(): Browser is closed

2022-01-17 21:20:17 - [MESSAGE][PASSED] - Browser is closed]]></system-out>
         <system-err><![CDATA[]]></system-err>
      </testcase>
      <testcase name="Test Cases/20.Set_favorate_room" time="32.493" classname="Test Cases/20.Set_favorate_room" status="PASSED">
         <system-out><![CDATA[2022-01-17 21:20:17 - [TEST_CASE][PASSED] - Test Cases/20.Set_favorate_room: Test Cases/20.Set_favorate_room

2022-01-17 21:20:17 - [TEST_STEP][PASSED] - openBrowser(""): Browser is opened with url: ''

2022-01-17 21:20:17 - [MESSAGE][INFO] - Starting 'Chrome' driver

2022-01-17 21:20:17 - [MESSAGE][INFO] - Action delay is set to 1,000 milliseconds

2022-01-17 21:20:18 - [MESSAGE][PASSED] - Browser is opened with url: ''

2022-01-17 21:20:18 - [TEST_STEP][PASSED] - navigateToUrl("http://localhost:8080/"): Navigate to 'http://localhost:8080/' successfully

2022-01-17 21:20:21 - [MESSAGE][PASSED] - Navigate to 'http://localhost:8080/' successfully

2022-01-17 21:20:21 - [TEST_STEP][PASSED] - click(findTestObject("Object Repository/Page_Element/div_Sign In")): Object: 'Object Repository/Page_Element/div_Sign In' is clicked on

2022-01-17 21:20:24 - [MESSAGE][PASSED] - Object: 'Object Repository/Page_Element/div_Sign In' is clicked on

2022-01-17 21:20:24 - [TEST_STEP][PASSED] - setText(findTestObject("Object Repository/Page_Element/input_Sign in with_username"), "ptnha19"): Text 'ptnha19' is set on object 'Object Repository/Page_Element/input_Sign in with_username'

2022-01-17 21:20:28 - [MESSAGE][PASSED] - Text 'ptnha19' is set on object 'Object Repository/Page_Element/input_Sign in with_username'

2022-01-17 21:20:28 - [TEST_STEP][PASSED] - setEncryptedText(findTestObject("Object Repository/Page_Element/input_Username_password"), "5R3Ima4A+eOeCrCDRGMLmJpaGR3V3+YI"): Text ****** has been set on object 'Object Repository/Page_Element/input_Username_password'

2022-01-17 21:20:30 - [MESSAGE][PASSED] - Text ****** has been set on object 'Object Repository/Page_Element/input_Username_password'

2022-01-17 21:20:30 - [TEST_STEP][PASSED] - click(findTestObject("Object Repository/Page_Element/input_Forgot password_mx_Login_submit")): Object: 'Object Repository/Page_Element/input_Forgot password_mx_Login_submit' is clicked on

2022-01-17 21:20:31 - [MESSAGE][PASSED] - Object: 'Object Repository/Page_Element/input_Forgot password_mx_Login_submit' is clicked on

2022-01-17 21:20:31 - [TEST_STEP][PASSED] - click(findTestObject("Object Repository/Page_Element/div_Verify with Security Key")): Object: 'Object Repository/Page_Element/div_Verify with Security Key' is clicked on

2022-01-17 21:20:37 - [MESSAGE][PASSED] - Object: 'Object Repository/Page_Element/div_Verify with Security Key' is clicked on

2022-01-17 21:20:37 - [TEST_STEP][PASSED] - setEncryptedText(findTestObject("Object Repository/Page_Element/input_Security Key_mx_Field_4"), "PF4jXtbe/5x5+S5PgN4Kl/QbANAkWZYKqKaG9gW6gn+Po31AOnak0DX8GoEzAUkskgpeON1UhfEqZG0XXngJPA=="): Text ****** has been set on object 'Object Repository/Page_Element/input_Security Key_mx_Field_4'

2022-01-17 21:20:40 - [MESSAGE][PASSED] - Text ****** has been set on object 'Object Repository/Page_Element/input_Security Key_mx_Field_4'

2022-01-17 21:20:40 - [TEST_STEP][PASSED] - click(findTestObject("Object Repository/Page_Element/button_Continue")): Object: 'Object Repository/Page_Element/button_Continue' is clicked on

2022-01-17 21:20:41 - [MESSAGE][PASSED] - Object: 'Object Repository/Page_Element/button_Continue' is clicked on

2022-01-17 21:20:41 - [TEST_STEP][PASSED] - click(findTestObject("Object Repository/Page_Element/div_Done")): Object: 'Object Repository/Page_Element/div_Done' is clicked on

2022-01-17 21:20:43 - [MESSAGE][PASSED] - Object: 'Object Repository/Page_Element/div_Done' is clicked on

2022-01-17 21:20:43 - [TEST_STEP][PASSED] - click(findTestObject("Object Repository/Page_Element/div_hehe")): Object: 'Object Repository/Page_Element/div_hehe' is clicked on

2022-01-17 21:20:44 - [MESSAGE][PASSED] - Object: 'Object Repository/Page_Element/div_hehe' is clicked on

2022-01-17 21:20:44 - [TEST_STEP][PASSED] - click(findTestObject("Object Repository/Page_Element  hehe/div_hehe_mx_RoomHeader_chevron")): Object: 'Object Repository/Page_Element  hehe/div_hehe_mx_RoomHeader_chevron' is clicked on

2022-01-17 21:20:46 - [MESSAGE][PASSED] - Object: 'Object Repository/Page_Element  hehe/div_hehe_mx_RoomHeader_chevron' is clicked on

2022-01-17 21:20:46 - [TEST_STEP][PASSED] - click(findTestObject("Object Repository/Page_Element  hehe/div_Favorite")): Object: 'Object Repository/Page_Element  hehe/div_Favorite' is clicked on

2022-01-17 21:20:47 - [MESSAGE][PASSED] - Object: 'Object Repository/Page_Element  hehe/div_Favorite' is clicked on

2022-01-17 21:20:47 - [TEST_STEP][PASSED] - click(findTestObject("Object Repository/Page_Element  hehe/div_This room is public_mx_ContextualMenu_b_fc4f75")): Object: 'Object Repository/Page_Element  hehe/div_This room is public_mx_ContextualMenu_b_fc4f75' is clicked on

2022-01-17 21:20:49 - [MESSAGE][PASSED] - Object: 'Object Repository/Page_Element  hehe/div_This room is public_mx_ContextualMenu_b_fc4f75' is clicked on

2022-01-17 21:20:49 - [TEST_STEP][PASSED] - closeBrowser(): Browser is closed

2022-01-17 21:20:49 - [MESSAGE][PASSED] - Browser is closed]]></system-out>
         <system-err><![CDATA[]]></system-err>
      </testcase>
      <system-out><![CDATA[2022-01-17 20:46:13 - [TEST_SUITE][FAILED] - Run all test case: Test Cases/3.Log_out FAILED.
Reason:
com.kms.katalon.core.exception.StepFailedException: Unable to click on object 'Object Repository/Page_Element/button_Sign out'
	at com.kms.katalon.core.webui.keyword.internal.WebUIKeywordMain.stepFailed(WebUIKeywordMain.groovy:64)
	at com.kms.katalon.core.webui.keyword.internal.WebUIKeywordMain.runKeyword(WebUIKeywordMain.groovy:26)
	at com.kms.katalon.core.webui.keyword.builtin.ClickKeyword.click(ClickKeyword.groovy:74)
	at com.kms.katalon.core.webui.keyword.builtin.ClickKeyword.execute(ClickKeyword.groovy:40)
	at com.kms.katalon.core.keyword.internal.KeywordExecutor.executeKeywordForPlatform(KeywordExecutor.groovy:74)
	at com.kms.katalon.core.webui.keyword.WebUiBuiltInKeywords.click(WebUiBuiltInKeywords.groovy:620)
	at com.kms.katalon.core.webui.keyword.WebUiBuiltInKeywords$click$1.call(Unknown Source)
	at 3.Log_out.run(3.Log_out:44)
	at com.kms.katalon.core.main.ScriptEngine.run(ScriptEngine.java:194)
	at com.kms.katalon.core.main.ScriptEngine.runScriptAsRawText(ScriptEngine.java:119)
	at com.kms.katalon.core.main.TestCaseExecutor.runScript(TestCaseExecutor.java:442)
	at com.kms.katalon.core.main.TestCaseExecutor.doExecute(TestCaseExecutor.java:433)
	at com.kms.katalon.core.main.TestCaseExecutor.processExecutionPhase(TestCaseExecutor.java:412)
	at com.kms.katalon.core.main.TestCaseExecutor.accessMainPhase(TestCaseExecutor.java:404)
	at com.kms.katalon.core.main.TestCaseExecutor.execute(TestCaseExecutor.java:281)
	at com.kms.katalon.core.main.TestSuiteExecutor.accessTestCaseMainPhase(TestSuiteExecutor.java:202)
	at com.kms.katalon.core.main.TestSuiteExecutor.accessTestSuiteMainPhase(TestSuiteExecutor.java:164)
	at com.kms.katalon.core.main.TestSuiteExecutor.execute(TestSuiteExecutor.java:105)
	at com.kms.katalon.core.main.TestCaseMain.startTestSuite(TestCaseMain.java:181)
	at com.kms.katalon.core.main.TestCaseMain$startTestSuite$0.call(Unknown Source)
	at TempTestSuite1642427162382.run(TempTestSuite1642427162382.groovy:36)
Caused by: com.kms.katalon.core.webui.exception.WebElementNotFoundException: Web element with id: 'Object Repository/Page_Element/button_Sign out' located by '(//button[@type='button'])[2]' not found
	at com.kms.katalon.core.webui.common.WebUiCommonHelper.findWebElement(WebUiCommonHelper.java:1368)
	at com.kms.katalon.core.webui.keyword.internal.WebUIAbstractKeyword.findWebElement(WebUIAbstractKeyword.groovy:27)
	at com.kms.katalon.core.webui.keyword.builtin.ClickKeyword$_click_closure1.doCall(ClickKeyword.groovy:65)
	at com.kms.katalon.core.webui.keyword.builtin.ClickKeyword$_click_closure1.call(ClickKeyword.groovy)
	at com.kms.katalon.core.webui.keyword.internal.WebUIKeywordMain.runKeyword(WebUIKeywordMain.groovy:20)
	... 19 more]]></system-out>
      <system-err><![CDATA[2022-01-17 20:46:13 - [TEST_SUITE][FAILED] - Run all test case: Test Cases/3.Log_out FAILED.
Reason:
com.kms.katalon.core.exception.StepFailedException: Unable to click on object 'Object Repository/Page_Element/button_Sign out'
	at com.kms.katalon.core.webui.keyword.internal.WebUIKeywordMain.stepFailed(WebUIKeywordMain.groovy:64)
	at com.kms.katalon.core.webui.keyword.internal.WebUIKeywordMain.runKeyword(WebUIKeywordMain.groovy:26)
	at com.kms.katalon.core.webui.keyword.builtin.ClickKeyword.click(ClickKeyword.groovy:74)
	at com.kms.katalon.core.webui.keyword.builtin.ClickKeyword.execute(ClickKeyword.groovy:40)
	at com.kms.katalon.core.keyword.internal.KeywordExecutor.executeKeywordForPlatform(KeywordExecutor.groovy:74)
	at com.kms.katalon.core.webui.keyword.WebUiBuiltInKeywords.click(WebUiBuiltInKeywords.groovy:620)
	at com.kms.katalon.core.webui.keyword.WebUiBuiltInKeywords$click$1.call(Unknown Source)
	at 3.Log_out.run(3.Log_out:44)
	at com.kms.katalon.core.main.ScriptEngine.run(ScriptEngine.java:194)
	at com.kms.katalon.core.main.ScriptEngine.runScriptAsRawText(ScriptEngine.java:119)
	at com.kms.katalon.core.main.TestCaseExecutor.runScript(TestCaseExecutor.java:442)
	at com.kms.katalon.core.main.TestCaseExecutor.doExecute(TestCaseExecutor.java:433)
	at com.kms.katalon.core.main.TestCaseExecutor.processExecutionPhase(TestCaseExecutor.java:412)
	at com.kms.katalon.core.main.TestCaseExecutor.accessMainPhase(TestCaseExecutor.java:404)
	at com.kms.katalon.core.main.TestCaseExecutor.execute(TestCaseExecutor.java:281)
	at com.kms.katalon.core.main.TestSuiteExecutor.accessTestCaseMainPhase(TestSuiteExecutor.java:202)
	at com.kms.katalon.core.main.TestSuiteExecutor.accessTestSuiteMainPhase(TestSuiteExecutor.java:164)
	at com.kms.katalon.core.main.TestSuiteExecutor.execute(TestSuiteExecutor.java:105)
	at com.kms.katalon.core.main.TestCaseMain.startTestSuite(TestCaseMain.java:181)
	at com.kms.katalon.core.main.TestCaseMain$startTestSuite$0.call(Unknown Source)
	at TempTestSuite1642427162382.run(TempTestSuite1642427162382.groovy:36)
Caused by: com.kms.katalon.core.webui.exception.WebElementNotFoundException: Web element with id: 'Object Repository/Page_Element/button_Sign out' located by '(//button[@type='button'])[2]' not found
	at com.kms.katalon.core.webui.common.WebUiCommonHelper.findWebElement(WebUiCommonHelper.java:1368)
	at com.kms.katalon.core.webui.keyword.internal.WebUIAbstractKeyword.findWebElement(WebUIAbstractKeyword.groovy:27)
	at com.kms.katalon.core.webui.keyword.builtin.ClickKeyword$_click_closure1.doCall(ClickKeyword.groovy:65)
	at com.kms.katalon.core.webui.keyword.builtin.ClickKeyword$_click_closure1.call(ClickKeyword.groovy)
	at com.kms.katalon.core.webui.keyword.internal.WebUIKeywordMain.runKeyword(WebUIKeywordMain.groovy:20)
	... 19 more]]></system-err>
   </testsuite>
</testsuites>
